
AVRASM ver. 2.1.30  C:\Users\Sarve\Desktop\C programming\avr\P22_DHT11\Debug\List\hum_temp_lcd.asm Wed Mar 04 20:26:13 2026

C:\Users\Sarve\Desktop\C programming\avr\P22_DHT11\Debug\List\hum_temp_lcd.asm(1090): warning: Register r4 already defined by the .DEF directive
C:\Users\Sarve\Desktop\C programming\avr\P22_DHT11\Debug\List\hum_temp_lcd.asm(1091): warning: Register r3 already defined by the .DEF directive
                 
                 
                 ;CodeVisionAVR C Compiler V3.12 Advanced
                 ;(C) Copyright 1998-2014 Pavel Haiduc, HP InfoTech s.r.l.
                 ;http://www.hpinfotech.com
                 
                 ;Build configuration    : Debug
                 ;Chip type              : ATmega328P
                 ;Program type           : Application
                 ;Clock frequency        : 16.000000 MHz
                 ;Memory model           : Small
                 ;Optimize for           : Speed
                 ;(s)printf features     : int, width
                 ;(s)scanf features      : int, width
                 ;External RAM size      : 0
                 ;Data Stack size        : 512 byte(s)
                 ;Heap size              : 0 byte(s)
                 ;Promote 'char' to 'int': Yes
                 ;'char' is unsigned     : Yes
                 ;8 bit enums            : Yes
                 ;Global 'const' stored in FLASH: No
                 ;Enhanced function parameter passing: Yes
                 ;Enhanced core instructions: On
                 ;Automatic register allocation for global variables: On
                 ;Smart register allocation: On
                 
                 	#define _MODEL_SMALL_
                 
                 	#pragma AVRPART ADMIN PART_NAME ATmega328P
                 	#pragma AVRPART MEMORY PROG_FLASH 32768
                 	#pragma AVRPART MEMORY EEPROM 1024
                 	#pragma AVRPART MEMORY INT_SRAM SIZE 2048
                 	#pragma AVRPART MEMORY INT_SRAM START_ADDR 0x100
                 
                 	#define CALL_SUPPORTED 1
                 
                 	.LISTMAC
                 	.EQU EERE=0x0
                 	.EQU EEWE=0x1
                 	.EQU EEMWE=0x2
                 	.EQU UDRE=0x5
                 	.EQU RXC=0x7
                 	.EQU EECR=0x1F
                 	.EQU EEDR=0x20
                 	.EQU EEARL=0x21
                 	.EQU EEARH=0x22
                 	.EQU SPSR=0x2D
                 	.EQU SPDR=0x2E
                 	.EQU SMCR=0x33
                 	.EQU MCUSR=0x34
                 	.EQU MCUCR=0x35
                 	.EQU WDTCSR=0x60
                 	.EQU UCSR0A=0xC0
                 	.EQU UDR0=0xC6
                 	.EQU SPL=0x3D
                 	.EQU SPH=0x3E
                 	.EQU SREG=0x3F
                 	.EQU GPIOR0=0x1E
                 
                 	.DEF R0X0=R0
                 	.DEF R0X1=R1
                 	.DEF R0X2=R2
                 	.DEF R0X3=R3
                 	.DEF R0X4=R4
                 	.DEF R0X5=R5
                 	.DEF R0X6=R6
                 	.DEF R0X7=R7
                 	.DEF R0X8=R8
                 	.DEF R0X9=R9
                 	.DEF R0XA=R10
                 	.DEF R0XB=R11
                 	.DEF R0XC=R12
                 	.DEF R0XD=R13
                 	.DEF R0XE=R14
                 	.DEF R0XF=R15
                 	.DEF R0X10=R16
                 	.DEF R0X11=R17
                 	.DEF R0X12=R18
                 	.DEF R0X13=R19
                 	.DEF R0X14=R20
                 	.DEF R0X15=R21
                 	.DEF R0X16=R22
                 	.DEF R0X17=R23
                 	.DEF R0X18=R24
                 	.DEF R0X19=R25
                 	.DEF R0X1A=R26
                 	.DEF R0X1B=R27
                 	.DEF R0X1C=R28
                 	.DEF R0X1D=R29
                 	.DEF R0X1E=R30
                 	.DEF R0X1F=R31
                 
                 	.EQU __SRAM_START=0x0100
                 	.EQU __SRAM_END=0x08FF
                 	.EQU __DSTACK_SIZE=0x0200
                 	.EQU __HEAP_SIZE=0x0000
                 	.EQU __CLEAR_SRAM_SIZE=__SRAM_END-__SRAM_START+1
                 
                 	.MACRO __CPD1N
                 	CPI  R30,LOW(@0)
                 	LDI  R26,HIGH(@0)
                 	CPC  R31,R26
                 	LDI  R26,BYTE3(@0)
                 	CPC  R22,R26
                 	LDI  R26,BYTE4(@0)
                 	CPC  R23,R26
                 	.ENDM
                 
                 	.MACRO __CPD2N
                 	CPI  R26,LOW(@0)
                 	LDI  R30,HIGH(@0)
                 	CPC  R27,R30
                 	LDI  R30,BYTE3(@0)
                 	CPC  R24,R30
                 	LDI  R30,BYTE4(@0)
                 	CPC  R25,R30
                 	.ENDM
                 
                 	.MACRO __CPWRR
                 	CP   R@0,R@2
                 	CPC  R@1,R@3
                 	.ENDM
                 
                 	.MACRO __CPWRN
                 	CPI  R@0,LOW(@2)
                 	LDI  R30,HIGH(@2)
                 	CPC  R@1,R30
                 	.ENDM
                 
                 	.MACRO __ADDB1MN
                 	SUBI R30,LOW(-@0-(@1))
                 	.ENDM
                 
                 	.MACRO __ADDB2MN
                 	SUBI R26,LOW(-@0-(@1))
                 	.ENDM
                 
                 	.MACRO __ADDW1MN
                 	SUBI R30,LOW(-@0-(@1))
                 	SBCI R31,HIGH(-@0-(@1))
                 	.ENDM
                 
                 	.MACRO __ADDW2MN
                 	SUBI R26,LOW(-@0-(@1))
                 	SBCI R27,HIGH(-@0-(@1))
                 	.ENDM
                 
                 	.MACRO __ADDW1FN
                 	SUBI R30,LOW(-2*@0-(@1))
                 	SBCI R31,HIGH(-2*@0-(@1))
                 	.ENDM
                 
                 	.MACRO __ADDD1FN
                 	SUBI R30,LOW(-2*@0-(@1))
                 	SBCI R31,HIGH(-2*@0-(@1))
                 	SBCI R22,BYTE3(-2*@0-(@1))
                 	.ENDM
                 
                 	.MACRO __ADDD1N
                 	SUBI R30,LOW(-@0)
                 	SBCI R31,HIGH(-@0)
                 	SBCI R22,BYTE3(-@0)
                 	SBCI R23,BYTE4(-@0)
                 	.ENDM
                 
                 	.MACRO __ADDD2N
                 	SUBI R26,LOW(-@0)
                 	SBCI R27,HIGH(-@0)
                 	SBCI R24,BYTE3(-@0)
                 	SBCI R25,BYTE4(-@0)
                 	.ENDM
                 
                 	.MACRO __SUBD1N
                 	SUBI R30,LOW(@0)
                 	SBCI R31,HIGH(@0)
                 	SBCI R22,BYTE3(@0)
                 	SBCI R23,BYTE4(@0)
                 	.ENDM
                 
                 	.MACRO __SUBD2N
                 	SUBI R26,LOW(@0)
                 	SBCI R27,HIGH(@0)
                 	SBCI R24,BYTE3(@0)
                 	SBCI R25,BYTE4(@0)
                 	.ENDM
                 
                 	.MACRO __ANDBMNN
                 	LDS  R30,@0+(@1)
                 	ANDI R30,LOW(@2)
                 	STS  @0+(@1),R30
                 	.ENDM
                 
                 	.MACRO __ANDWMNN
                 	LDS  R30,@0+(@1)
                 	ANDI R30,LOW(@2)
                 	STS  @0+(@1),R30
                 	LDS  R30,@0+(@1)+1
                 	ANDI R30,HIGH(@2)
                 	STS  @0+(@1)+1,R30
                 	.ENDM
                 
                 	.MACRO __ANDD1N
                 	ANDI R30,LOW(@0)
                 	ANDI R31,HIGH(@0)
                 	ANDI R22,BYTE3(@0)
                 	ANDI R23,BYTE4(@0)
                 	.ENDM
                 
                 	.MACRO __ANDD2N
                 	ANDI R26,LOW(@0)
                 	ANDI R27,HIGH(@0)
                 	ANDI R24,BYTE3(@0)
                 	ANDI R25,BYTE4(@0)
                 	.ENDM
                 
                 	.MACRO __ORBMNN
                 	LDS  R30,@0+(@1)
                 	ORI  R30,LOW(@2)
                 	STS  @0+(@1),R30
                 	.ENDM
                 
                 	.MACRO __ORWMNN
                 	LDS  R30,@0+(@1)
                 	ORI  R30,LOW(@2)
                 	STS  @0+(@1),R30
                 	LDS  R30,@0+(@1)+1
                 	ORI  R30,HIGH(@2)
                 	STS  @0+(@1)+1,R30
                 	.ENDM
                 
                 	.MACRO __ORD1N
                 	ORI  R30,LOW(@0)
                 	ORI  R31,HIGH(@0)
                 	ORI  R22,BYTE3(@0)
                 	ORI  R23,BYTE4(@0)
                 	.ENDM
                 
                 	.MACRO __ORD2N
                 	ORI  R26,LOW(@0)
                 	ORI  R27,HIGH(@0)
                 	ORI  R24,BYTE3(@0)
                 	ORI  R25,BYTE4(@0)
                 	.ENDM
                 
                 	.MACRO __DELAY_USB
                 	LDI  R24,LOW(@0)
                 __DELAY_USB_LOOP:
                 	DEC  R24
                 	BRNE __DELAY_USB_LOOP
                 	.ENDM
                 
                 	.MACRO __DELAY_USW
                 	LDI  R24,LOW(@0)
                 	LDI  R25,HIGH(@0)
                 __DELAY_USW_LOOP:
                 	SBIW R24,1
                 	BRNE __DELAY_USW_LOOP
                 	.ENDM
                 
                 	.MACRO __GETD1S
                 	LDD  R30,Y+@0
                 	LDD  R31,Y+@0+1
                 	LDD  R22,Y+@0+2
                 	LDD  R23,Y+@0+3
                 	.ENDM
                 
                 	.MACRO __GETD2S
                 	LDD  R26,Y+@0
                 	LDD  R27,Y+@0+1
                 	LDD  R24,Y+@0+2
                 	LDD  R25,Y+@0+3
                 	.ENDM
                 
                 	.MACRO __PUTD1S
                 	STD  Y+@0,R30
                 	STD  Y+@0+1,R31
                 	STD  Y+@0+2,R22
                 	STD  Y+@0+3,R23
                 	.ENDM
                 
                 	.MACRO __PUTD2S
                 	STD  Y+@0,R26
                 	STD  Y+@0+1,R27
                 	STD  Y+@0+2,R24
                 	STD  Y+@0+3,R25
                 	.ENDM
                 
                 	.MACRO __PUTDZ2
                 	STD  Z+@0,R26
                 	STD  Z+@0+1,R27
                 	STD  Z+@0+2,R24
                 	STD  Z+@0+3,R25
                 	.ENDM
                 
                 	.MACRO __CLRD1S
                 	STD  Y+@0,R30
                 	STD  Y+@0+1,R30
                 	STD  Y+@0+2,R30
                 	STD  Y+@0+3,R30
                 	.ENDM
                 
                 	.MACRO __POINTB1MN
                 	LDI  R30,LOW(@0+(@1))
                 	.ENDM
                 
                 	.MACRO __POINTW1MN
                 	LDI  R30,LOW(@0+(@1))
                 	LDI  R31,HIGH(@0+(@1))
                 	.ENDM
                 
                 	.MACRO __POINTD1M
                 	LDI  R30,LOW(@0)
                 	LDI  R31,HIGH(@0)
                 	LDI  R22,BYTE3(@0)
                 	LDI  R23,BYTE4(@0)
                 	.ENDM
                 
                 	.MACRO __POINTW1FN
                 	LDI  R30,LOW(2*@0+(@1))
                 	LDI  R31,HIGH(2*@0+(@1))
                 	.ENDM
                 
                 	.MACRO __POINTD1FN
                 	LDI  R30,LOW(2*@0+(@1))
                 	LDI  R31,HIGH(2*@0+(@1))
                 	LDI  R22,BYTE3(2*@0+(@1))
                 	LDI  R23,BYTE4(2*@0+(@1))
                 	.ENDM
                 
                 	.MACRO __POINTB2MN
                 	LDI  R26,LOW(@0+(@1))
                 	.ENDM
                 
                 	.MACRO __POINTW2MN
                 	LDI  R26,LOW(@0+(@1))
                 	LDI  R27,HIGH(@0+(@1))
                 	.ENDM
                 
                 	.MACRO __POINTW2FN
                 	LDI  R26,LOW(2*@0+(@1))
                 	LDI  R27,HIGH(2*@0+(@1))
                 	.ENDM
                 
                 	.MACRO __POINTD2FN
                 	LDI  R26,LOW(2*@0+(@1))
                 	LDI  R27,HIGH(2*@0+(@1))
                 	LDI  R24,BYTE3(2*@0+(@1))
                 	LDI  R25,BYTE4(2*@0+(@1))
                 	.ENDM
                 
                 	.MACRO __POINTBRM
                 	LDI  R@0,LOW(@1)
                 	.ENDM
                 
                 	.MACRO __POINTWRM
                 	LDI  R@0,LOW(@2)
                 	LDI  R@1,HIGH(@2)
                 	.ENDM
                 
                 	.MACRO __POINTBRMN
                 	LDI  R@0,LOW(@1+(@2))
                 	.ENDM
                 
                 	.MACRO __POINTWRMN
                 	LDI  R@0,LOW(@2+(@3))
                 	LDI  R@1,HIGH(@2+(@3))
                 	.ENDM
                 
                 	.MACRO __POINTWRFN
                 	LDI  R@0,LOW(@2*2+(@3))
                 	LDI  R@1,HIGH(@2*2+(@3))
                 	.ENDM
                 
                 	.MACRO __GETD1N
                 	LDI  R30,LOW(@0)
                 	LDI  R31,HIGH(@0)
                 	LDI  R22,BYTE3(@0)
                 	LDI  R23,BYTE4(@0)
                 	.ENDM
                 
                 	.MACRO __GETD2N
                 	LDI  R26,LOW(@0)
                 	LDI  R27,HIGH(@0)
                 	LDI  R24,BYTE3(@0)
                 	LDI  R25,BYTE4(@0)
                 	.ENDM
                 
                 	.MACRO __GETB1MN
                 	LDS  R30,@0+(@1)
                 	.ENDM
                 
                 	.MACRO __GETB1HMN
                 	LDS  R31,@0+(@1)
                 	.ENDM
                 
                 	.MACRO __GETW1MN
                 	LDS  R30,@0+(@1)
                 	LDS  R31,@0+(@1)+1
                 	.ENDM
                 
                 	.MACRO __GETD1MN
                 	LDS  R30,@0+(@1)
                 	LDS  R31,@0+(@1)+1
                 	LDS  R22,@0+(@1)+2
                 	LDS  R23,@0+(@1)+3
                 	.ENDM
                 
                 	.MACRO __GETBRMN
                 	LDS  R@0,@1+(@2)
                 	.ENDM
                 
                 	.MACRO __GETWRMN
                 	LDS  R@0,@2+(@3)
                 	LDS  R@1,@2+(@3)+1
                 	.ENDM
                 
                 	.MACRO __GETWRZ
                 	LDD  R@0,Z+@2
                 	LDD  R@1,Z+@2+1
                 	.ENDM
                 
                 	.MACRO __GETD2Z
                 	LDD  R26,Z+@0
                 	LDD  R27,Z+@0+1
                 	LDD  R24,Z+@0+2
                 	LDD  R25,Z+@0+3
                 	.ENDM
                 
                 	.MACRO __GETB2MN
                 	LDS  R26,@0+(@1)
                 	.ENDM
                 
                 	.MACRO __GETW2MN
                 	LDS  R26,@0+(@1)
                 	LDS  R27,@0+(@1)+1
                 	.ENDM
                 
                 	.MACRO __GETD2MN
                 	LDS  R26,@0+(@1)
                 	LDS  R27,@0+(@1)+1
                 	LDS  R24,@0+(@1)+2
                 	LDS  R25,@0+(@1)+3
                 	.ENDM
                 
                 	.MACRO __PUTB1MN
                 	STS  @0+(@1),R30
                 	.ENDM
                 
                 	.MACRO __PUTW1MN
                 	STS  @0+(@1),R30
                 	STS  @0+(@1)+1,R31
                 	.ENDM
                 
                 	.MACRO __PUTD1MN
                 	STS  @0+(@1),R30
                 	STS  @0+(@1)+1,R31
                 	STS  @0+(@1)+2,R22
                 	STS  @0+(@1)+3,R23
                 	.ENDM
                 
                 	.MACRO __PUTB1EN
                 	LDI  R26,LOW(@0+(@1))
                 	LDI  R27,HIGH(@0+(@1))
                 	CALL __EEPROMWRB
                 	.ENDM
                 
                 	.MACRO __PUTW1EN
                 	LDI  R26,LOW(@0+(@1))
                 	LDI  R27,HIGH(@0+(@1))
                 	CALL __EEPROMWRW
                 	.ENDM
                 
                 	.MACRO __PUTD1EN
                 	LDI  R26,LOW(@0+(@1))
                 	LDI  R27,HIGH(@0+(@1))
                 	CALL __EEPROMWRD
                 	.ENDM
                 
                 	.MACRO __PUTBR0MN
                 	STS  @0+(@1),R0
                 	.ENDM
                 
                 	.MACRO __PUTBMRN
                 	STS  @0+(@1),R@2
                 	.ENDM
                 
                 	.MACRO __PUTWMRN
                 	STS  @0+(@1),R@2
                 	STS  @0+(@1)+1,R@3
                 	.ENDM
                 
                 	.MACRO __PUTBZR
                 	STD  Z+@1,R@0
                 	.ENDM
                 
                 	.MACRO __PUTWZR
                 	STD  Z+@2,R@0
                 	STD  Z+@2+1,R@1
                 	.ENDM
                 
                 	.MACRO __GETW1R
                 	MOV  R30,R@0
                 	MOV  R31,R@1
                 	.ENDM
                 
                 	.MACRO __GETW2R
                 	MOV  R26,R@0
                 	MOV  R27,R@1
                 	.ENDM
                 
                 	.MACRO __GETWRN
                 	LDI  R@0,LOW(@2)
                 	LDI  R@1,HIGH(@2)
                 	.ENDM
                 
                 	.MACRO __PUTW1R
                 	MOV  R@0,R30
                 	MOV  R@1,R31
                 	.ENDM
                 
                 	.MACRO __PUTW2R
                 	MOV  R@0,R26
                 	MOV  R@1,R27
                 	.ENDM
                 
                 	.MACRO __ADDWRN
                 	SUBI R@0,LOW(-@2)
                 	SBCI R@1,HIGH(-@2)
                 	.ENDM
                 
                 	.MACRO __ADDWRR
                 	ADD  R@0,R@2
                 	ADC  R@1,R@3
                 	.ENDM
                 
                 	.MACRO __SUBWRN
                 	SUBI R@0,LOW(@2)
                 	SBCI R@1,HIGH(@2)
                 	.ENDM
                 
                 	.MACRO __SUBWRR
                 	SUB  R@0,R@2
                 	SBC  R@1,R@3
                 	.ENDM
                 
                 	.MACRO __ANDWRN
                 	ANDI R@0,LOW(@2)
                 	ANDI R@1,HIGH(@2)
                 	.ENDM
                 
                 	.MACRO __ANDWRR
                 	AND  R@0,R@2
                 	AND  R@1,R@3
                 	.ENDM
                 
                 	.MACRO __ORWRN
                 	ORI  R@0,LOW(@2)
                 	ORI  R@1,HIGH(@2)
                 	.ENDM
                 
                 	.MACRO __ORWRR
                 	OR   R@0,R@2
                 	OR   R@1,R@3
                 	.ENDM
                 
                 	.MACRO __EORWRR
                 	EOR  R@0,R@2
                 	EOR  R@1,R@3
                 	.ENDM
                 
                 	.MACRO __GETWRS
                 	LDD  R@0,Y+@2
                 	LDD  R@1,Y+@2+1
                 	.ENDM
                 
                 	.MACRO __PUTBSR
                 	STD  Y+@1,R@0
                 	.ENDM
                 
                 	.MACRO __PUTWSR
                 	STD  Y+@2,R@0
                 	STD  Y+@2+1,R@1
                 	.ENDM
                 
                 	.MACRO __MOVEWRR
                 	MOV  R@0,R@2
                 	MOV  R@1,R@3
                 	.ENDM
                 
                 	.MACRO __INWR
                 	IN   R@0,@2
                 	IN   R@1,@2+1
                 	.ENDM
                 
                 	.MACRO __OUTWR
                 	OUT  @2+1,R@1
                 	OUT  @2,R@0
                 	.ENDM
                 
                 	.MACRO __CALL1MN
                 	LDS  R30,@0+(@1)
                 	LDS  R31,@0+(@1)+1
                 	ICALL
                 	.ENDM
                 
                 	.MACRO __CALL1FN
                 	LDI  R30,LOW(2*@0+(@1))
                 	LDI  R31,HIGH(2*@0+(@1))
                 	CALL __GETW1PF
                 	ICALL
                 	.ENDM
                 
                 	.MACRO __CALL2EN
                 	PUSH R26
                 	PUSH R27
                 	LDI  R26,LOW(@0+(@1))
                 	LDI  R27,HIGH(@0+(@1))
                 	CALL __EEPROMRDW
                 	POP  R27
                 	POP  R26
                 	ICALL
                 	.ENDM
                 
                 	.MACRO __CALL2EX
                 	SUBI R26,LOW(-@0)
                 	SBCI R27,HIGH(-@0)
                 	CALL __EEPROMRDD
                 	ICALL
                 	.ENDM
                 
                 	.MACRO __GETW1STACK
                 	IN   R30,SPL
                 	IN   R31,SPH
                 	ADIW R30,@0+1
                 	LD   R0,Z+
                 	LD   R31,Z
                 	MOV  R30,R0
                 	.ENDM
                 
                 	.MACRO __GETD1STACK
                 	IN   R30,SPL
                 	IN   R31,SPH
                 	ADIW R30,@0+1
                 	LD   R0,Z+
                 	LD   R1,Z+
                 	LD   R22,Z
                 	MOVW R30,R0
                 	.ENDM
                 
                 	.MACRO __NBST
                 	BST  R@0,@1
                 	IN   R30,SREG
                 	LDI  R31,0x40
                 	EOR  R30,R31
                 	OUT  SREG,R30
                 	.ENDM
                 
                 
                 	.MACRO __PUTB1SN
                 	LDD  R26,Y+@0
                 	LDD  R27,Y+@0+1
                 	SUBI R26,LOW(-@1)
                 	SBCI R27,HIGH(-@1)
                 	ST   X,R30
                 	.ENDM
                 
                 	.MACRO __PUTW1SN
                 	LDD  R26,Y+@0
                 	LDD  R27,Y+@0+1
                 	SUBI R26,LOW(-@1)
                 	SBCI R27,HIGH(-@1)
                 	ST   X+,R30
                 	ST   X,R31
                 	.ENDM
                 
                 	.MACRO __PUTD1SN
                 	LDD  R26,Y+@0
                 	LDD  R27,Y+@0+1
                 	SUBI R26,LOW(-@1)
                 	SBCI R27,HIGH(-@1)
                 	CALL __PUTDP1
                 	.ENDM
                 
                 	.MACRO __PUTB1SNS
                 	LDD  R26,Y+@0
                 	LDD  R27,Y+@0+1
                 	ADIW R26,@1
                 	ST   X,R30
                 	.ENDM
                 
                 	.MACRO __PUTW1SNS
                 	LDD  R26,Y+@0
                 	LDD  R27,Y+@0+1
                 	ADIW R26,@1
                 	ST   X+,R30
                 	ST   X,R31
                 	.ENDM
                 
                 	.MACRO __PUTD1SNS
                 	LDD  R26,Y+@0
                 	LDD  R27,Y+@0+1
                 	ADIW R26,@1
                 	CALL __PUTDP1
                 	.ENDM
                 
                 	.MACRO __PUTB1PMN
                 	LDS  R26,@0
                 	LDS  R27,@0+1
                 	SUBI R26,LOW(-@1)
                 	SBCI R27,HIGH(-@1)
                 	ST   X,R30
                 	.ENDM
                 
                 	.MACRO __PUTW1PMN
                 	LDS  R26,@0
                 	LDS  R27,@0+1
                 	SUBI R26,LOW(-@1)
                 	SBCI R27,HIGH(-@1)
                 	ST   X+,R30
                 	ST   X,R31
                 	.ENDM
                 
                 	.MACRO __PUTD1PMN
                 	LDS  R26,@0
                 	LDS  R27,@0+1
                 	SUBI R26,LOW(-@1)
                 	SBCI R27,HIGH(-@1)
                 	CALL __PUTDP1
                 	.ENDM
                 
                 	.MACRO __PUTB1PMNS
                 	LDS  R26,@0
                 	LDS  R27,@0+1
                 	ADIW R26,@1
                 	ST   X,R30
                 	.ENDM
                 
                 	.MACRO __PUTW1PMNS
                 	LDS  R26,@0
                 	LDS  R27,@0+1
                 	ADIW R26,@1
                 	ST   X+,R30
                 	ST   X,R31
                 	.ENDM
                 
                 	.MACRO __PUTD1PMNS
                 	LDS  R26,@0
                 	LDS  R27,@0+1
                 	ADIW R26,@1
                 	CALL __PUTDP1
                 	.ENDM
                 
                 	.MACRO __PUTB1RN
                 	MOVW R26,R@0
                 	SUBI R26,LOW(-@1)
                 	SBCI R27,HIGH(-@1)
                 	ST   X,R30
                 	.ENDM
                 
                 	.MACRO __PUTW1RN
                 	MOVW R26,R@0
                 	SUBI R26,LOW(-@1)
                 	SBCI R27,HIGH(-@1)
                 	ST   X+,R30
                 	ST   X,R31
                 	.ENDM
                 
                 	.MACRO __PUTD1RN
                 	MOVW R26,R@0
                 	SUBI R26,LOW(-@1)
                 	SBCI R27,HIGH(-@1)
                 	CALL __PUTDP1
                 	.ENDM
                 
                 	.MACRO __PUTB1RNS
                 	MOVW R26,R@0
                 	ADIW R26,@1
                 	ST   X,R30
                 	.ENDM
                 
                 	.MACRO __PUTW1RNS
                 	MOVW R26,R@0
                 	ADIW R26,@1
                 	ST   X+,R30
                 	ST   X,R31
                 	.ENDM
                 
                 	.MACRO __PUTD1RNS
                 	MOVW R26,R@0
                 	ADIW R26,@1
                 	CALL __PUTDP1
                 	.ENDM
                 
                 	.MACRO __PUTB1RON
                 	MOV  R26,R@0
                 	MOV  R27,R@1
                 	SUBI R26,LOW(-@2)
                 	SBCI R27,HIGH(-@2)
                 	ST   X,R30
                 	.ENDM
                 
                 	.MACRO __PUTW1RON
                 	MOV  R26,R@0
                 	MOV  R27,R@1
                 	SUBI R26,LOW(-@2)
                 	SBCI R27,HIGH(-@2)
                 	ST   X+,R30
                 	ST   X,R31
                 	.ENDM
                 
                 	.MACRO __PUTD1RON
                 	MOV  R26,R@0
                 	MOV  R27,R@1
                 	SUBI R26,LOW(-@2)
                 	SBCI R27,HIGH(-@2)
                 	CALL __PUTDP1
                 	.ENDM
                 
                 	.MACRO __PUTB1RONS
                 	MOV  R26,R@0
                 	MOV  R27,R@1
                 	ADIW R26,@2
                 	ST   X,R30
                 	.ENDM
                 
                 	.MACRO __PUTW1RONS
                 	MOV  R26,R@0
                 	MOV  R27,R@1
                 	ADIW R26,@2
                 	ST   X+,R30
                 	ST   X,R31
                 	.ENDM
                 
                 	.MACRO __PUTD1RONS
                 	MOV  R26,R@0
                 	MOV  R27,R@1
                 	ADIW R26,@2
                 	CALL __PUTDP1
                 	.ENDM
                 
                 
                 	.MACRO __GETB1SX
                 	MOVW R30,R28
                 	SUBI R30,LOW(-@0)
                 	SBCI R31,HIGH(-@0)
                 	LD   R30,Z
                 	.ENDM
                 
                 	.MACRO __GETB1HSX
                 	MOVW R30,R28
                 	SUBI R30,LOW(-@0)
                 	SBCI R31,HIGH(-@0)
                 	LD   R31,Z
                 	.ENDM
                 
                 	.MACRO __GETW1SX
                 	MOVW R30,R28
                 	SUBI R30,LOW(-@0)
                 	SBCI R31,HIGH(-@0)
                 	LD   R0,Z+
                 	LD   R31,Z
                 	MOV  R30,R0
                 	.ENDM
                 
                 	.MACRO __GETD1SX
                 	MOVW R30,R28
                 	SUBI R30,LOW(-@0)
                 	SBCI R31,HIGH(-@0)
                 	LD   R0,Z+
                 	LD   R1,Z+
                 	LD   R22,Z+
                 	LD   R23,Z
                 	MOVW R30,R0
                 	.ENDM
                 
                 	.MACRO __GETB2SX
                 	MOVW R26,R28
                 	SUBI R26,LOW(-@0)
                 	SBCI R27,HIGH(-@0)
                 	LD   R26,X
                 	.ENDM
                 
                 	.MACRO __GETW2SX
                 	MOVW R26,R28
                 	SUBI R26,LOW(-@0)
                 	SBCI R27,HIGH(-@0)
                 	LD   R0,X+
                 	LD   R27,X
                 	MOV  R26,R0
                 	.ENDM
                 
                 	.MACRO __GETD2SX
                 	MOVW R26,R28
                 	SUBI R26,LOW(-@0)
                 	SBCI R27,HIGH(-@0)
                 	LD   R0,X+
                 	LD   R1,X+
                 	LD   R24,X+
                 	LD   R25,X
                 	MOVW R26,R0
                 	.ENDM
                 
                 	.MACRO __GETBRSX
                 	MOVW R30,R28
                 	SUBI R30,LOW(-@1)
                 	SBCI R31,HIGH(-@1)
                 	LD   R@0,Z
                 	.ENDM
                 
                 	.MACRO __GETWRSX
                 	MOVW R30,R28
                 	SUBI R30,LOW(-@2)
                 	SBCI R31,HIGH(-@2)
                 	LD   R@0,Z+
                 	LD   R@1,Z
                 	.ENDM
                 
                 	.MACRO __GETBRSX2
                 	MOVW R26,R28
                 	SUBI R26,LOW(-@1)
                 	SBCI R27,HIGH(-@1)
                 	LD   R@0,X
                 	.ENDM
                 
                 	.MACRO __GETWRSX2
                 	MOVW R26,R28
                 	SUBI R26,LOW(-@2)
                 	SBCI R27,HIGH(-@2)
                 	LD   R@0,X+
                 	LD   R@1,X
                 	.ENDM
                 
                 	.MACRO __LSLW8SX
                 	MOVW R30,R28
                 	SUBI R30,LOW(-@0)
                 	SBCI R31,HIGH(-@0)
                 	LD   R31,Z
                 	CLR  R30
                 	.ENDM
                 
                 	.MACRO __PUTB1SX
                 	MOVW R26,R28
                 	SUBI R26,LOW(-@0)
                 	SBCI R27,HIGH(-@0)
                 	ST   X,R30
                 	.ENDM
                 
                 	.MACRO __PUTW1SX
                 	MOVW R26,R28
                 	SUBI R26,LOW(-@0)
                 	SBCI R27,HIGH(-@0)
                 	ST   X+,R30
                 	ST   X,R31
                 	.ENDM
                 
                 	.MACRO __PUTD1SX
                 	MOVW R26,R28
                 	SUBI R26,LOW(-@0)
                 	SBCI R27,HIGH(-@0)
                 	ST   X+,R30
                 	ST   X+,R31
                 	ST   X+,R22
                 	ST   X,R23
                 	.ENDM
                 
                 	.MACRO __CLRW1SX
                 	MOVW R26,R28
                 	SUBI R26,LOW(-@0)
                 	SBCI R27,HIGH(-@0)
                 	ST   X+,R30
                 	ST   X,R30
                 	.ENDM
                 
                 	.MACRO __CLRD1SX
                 	MOVW R26,R28
                 	SUBI R26,LOW(-@0)
                 	SBCI R27,HIGH(-@0)
                 	ST   X+,R30
                 	ST   X+,R30
                 	ST   X+,R30
                 	ST   X,R30
                 	.ENDM
                 
                 	.MACRO __PUTB2SX
                 	MOVW R30,R28
                 	SUBI R30,LOW(-@0)
                 	SBCI R31,HIGH(-@0)
                 	ST   Z,R26
                 	.ENDM
                 
                 	.MACRO __PUTW2SX
                 	MOVW R30,R28
                 	SUBI R30,LOW(-@0)
                 	SBCI R31,HIGH(-@0)
                 	ST   Z+,R26
                 	ST   Z,R27
                 	.ENDM
                 
                 	.MACRO __PUTD2SX
                 	MOVW R30,R28
                 	SUBI R30,LOW(-@0)
                 	SBCI R31,HIGH(-@0)
                 	ST   Z+,R26
                 	ST   Z+,R27
                 	ST   Z+,R24
                 	ST   Z,R25
                 	.ENDM
                 
                 	.MACRO __PUTBSRX
                 	MOVW R30,R28
                 	SUBI R30,LOW(-@1)
                 	SBCI R31,HIGH(-@1)
                 	ST   Z,R@0
                 	.ENDM
                 
                 	.MACRO __PUTWSRX
                 	MOVW R30,R28
                 	SUBI R30,LOW(-@2)
                 	SBCI R31,HIGH(-@2)
                 	ST   Z+,R@0
                 	ST   Z,R@1
                 	.ENDM
                 
                 	.MACRO __PUTB1SNX
                 	MOVW R26,R28
                 	SUBI R26,LOW(-@0)
                 	SBCI R27,HIGH(-@0)
                 	LD   R0,X+
                 	LD   R27,X
                 	MOV  R26,R0
                 	SUBI R26,LOW(-@1)
                 	SBCI R27,HIGH(-@1)
                 	ST   X,R30
                 	.ENDM
                 
                 	.MACRO __PUTW1SNX
                 	MOVW R26,R28
                 	SUBI R26,LOW(-@0)
                 	SBCI R27,HIGH(-@0)
                 	LD   R0,X+
                 	LD   R27,X
                 	MOV  R26,R0
                 	SUBI R26,LOW(-@1)
                 	SBCI R27,HIGH(-@1)
                 	ST   X+,R30
                 	ST   X,R31
                 	.ENDM
                 
                 	.MACRO __PUTD1SNX
                 	MOVW R26,R28
                 	SUBI R26,LOW(-@0)
                 	SBCI R27,HIGH(-@0)
                 	LD   R0,X+
                 	LD   R27,X
                 	MOV  R26,R0
                 	SUBI R26,LOW(-@1)
                 	SBCI R27,HIGH(-@1)
                 	ST   X+,R30
                 	ST   X+,R31
                 	ST   X+,R22
                 	ST   X,R23
                 	.ENDM
                 
                 	.MACRO __MULBRR
                 	MULS R@0,R@1
                 	MOVW R30,R0
                 	.ENDM
                 
                 	.MACRO __MULBRRU
                 	MUL  R@0,R@1
                 	MOVW R30,R0
                 	.ENDM
                 
                 	.MACRO __MULBRR0
                 	MULS R@0,R@1
                 	.ENDM
                 
                 	.MACRO __MULBRRU0
                 	MUL  R@0,R@1
                 	.ENDM
                 
                 	.MACRO __MULBNWRU
                 	LDI  R26,@2
                 	MUL  R26,R@0
                 	MOVW R30,R0
                 	MUL  R26,R@1
                 	ADD  R31,R0
                 	.ENDM
                 
                 ;NAME DEFINITIONS FOR GLOBAL VARIABLES ALLOCATED TO REGISTERS
                 	.DEF _temp=R4
                 	.DEF _hum=R3
                 
                 ;GPIOR0 INITIALIZATION VALUE
                 	.EQU __GPIOR0_INIT=0x00
                 
                 	.CSEG
                 	.ORG 0x00
                 
                 ;START OF CODE MARKER
                 __START_OF_CODE:
                 
                 ;INTERRUPT VECTORS
000000 940c 0056 	JMP  __RESET
000002 940c 0000 	JMP  0x00
000004 940c 0000 	JMP  0x00
000006 940c 0000 	JMP  0x00
000008 940c 0000 	JMP  0x00
00000a 940c 0000 	JMP  0x00
00000c 940c 0000 	JMP  0x00
00000e 940c 0000 	JMP  0x00
000010 940c 0000 	JMP  0x00
000012 940c 0000 	JMP  0x00
000014 940c 0000 	JMP  0x00
000016 940c 0000 	JMP  0x00
000018 940c 0000 	JMP  0x00
00001a 940c 0000 	JMP  0x00
00001c 940c 0000 	JMP  0x00
00001e 940c 0000 	JMP  0x00
000020 940c 0000 	JMP  0x00
000022 940c 0000 	JMP  0x00
000024 940c 0000 	JMP  0x00
000026 940c 0000 	JMP  0x00
000028 940c 0000 	JMP  0x00
00002a 940c 0000 	JMP  0x00
00002c 940c 0000 	JMP  0x00
00002e 940c 0000 	JMP  0x00
000030 940c 0000 	JMP  0x00
000032 940c 0000 	JMP  0x00
                 
                 _tbl10_G100:
000034 2710
000035 03e8
000036 0064
000037 000a      	.DB  0x10,0x27,0xE8,0x3,0x64,0x0,0xA,0x0
000038 0001      	.DB  0x1,0x0
                 _tbl16_G100:
000039 1000
00003a 0100
00003b 0010
00003c 0001      	.DB  0x0,0x10,0x0,0x1,0x10,0x0,0x1,0x0
                 
                 _0x0:
00003d 6554
00003e 706d
00003f 253a
000040 2064      	.DB  0x54,0x65,0x6D,0x70,0x3A,0x25,0x64,0x20
000041 2043
000042 2020
000043 4800
000044 6d75      	.DB  0x43,0x20,0x20,0x20,0x0,0x48,0x75,0x6D
000045 253a
000046 2064
000047 2525
000048 2020      	.DB  0x3A,0x25,0x64,0x20,0x25,0x25,0x20,0x20
000049 0020
00004a 4844
00004b 3154
00004c 2031      	.DB  0x20,0x0,0x44,0x48,0x54,0x31,0x31,0x20
00004d 7245
00004e 6f72
00004f 2072
000050 2020      	.DB  0x45,0x72,0x72,0x6F,0x72,0x20,0x20,0x20
C:\Users\Sarve\Desktop\C programming\avr\P22_DHT11\Debug\List\hum_temp_lcd.asm(1142): warning: .cseg .db misalignment - padding zero byte
000051 0000      	.DB  0x0
                 
                 __GLOBAL_INI_TBL:
000052 000f      	.DW  0x0F
000053 0300      	.DW  _0x2A
000054 0094      	.DW  _0x0*2+26
                 
                 _0xFFFFFFFF:
000055 0000      	.DW  0
                 
                 #define __GLOBAL_INI_TBL_PRESENT 1
                 
                 __RESET:
000056 94f8      	CLI
000057 27ee      	CLR  R30
000058 bbef      	OUT  EECR,R30
                 
                 ;INTERRUPT VECTORS ARE PLACED
                 ;AT THE START OF FLASH
000059 e0f1      	LDI  R31,1
00005a bff5      	OUT  MCUCR,R31
00005b bfe5      	OUT  MCUCR,R30
                 
                 ;CLEAR R2-R14
00005c e08d      	LDI  R24,(14-2)+1
00005d e0a2      	LDI  R26,2
00005e 27bb      	CLR  R27
                 __CLEAR_REG:
00005f 93ed      	ST   X+,R30
000060 958a      	DEC  R24
000061 f7e9      	BRNE __CLEAR_REG
                 
                 ;CLEAR SRAM
000062 e080      	LDI  R24,LOW(__CLEAR_SRAM_SIZE)
000063 e098      	LDI  R25,HIGH(__CLEAR_SRAM_SIZE)
000064 e0a0      	LDI  R26,LOW(__SRAM_START)
000065 e0b1      	LDI  R27,HIGH(__SRAM_START)
                 __CLEAR_SRAM:
000066 93ed      	ST   X+,R30
000067 9701      	SBIW R24,1
000068 f7e9      	BRNE __CLEAR_SRAM
                 
                 ;GLOBAL VARIABLES INITIALIZATION
000069 eae4      	LDI  R30,LOW(__GLOBAL_INI_TBL*2)
00006a e0f0      	LDI  R31,HIGH(__GLOBAL_INI_TBL*2)
                 __GLOBAL_INI_NEXT:
00006b 9185      	LPM  R24,Z+
00006c 9195      	LPM  R25,Z+
00006d 9700      	SBIW R24,0
00006e f061      	BREQ __GLOBAL_INI_END
00006f 91a5      	LPM  R26,Z+
000070 91b5      	LPM  R27,Z+
000071 9005      	LPM  R0,Z+
000072 9015      	LPM  R1,Z+
000073 01bf      	MOVW R22,R30
000074 01f0      	MOVW R30,R0
                 __GLOBAL_INI_LOOP:
000075 9005      	LPM  R0,Z+
000076 920d      	ST   X+,R0
000077 9701      	SBIW R24,1
000078 f7e1      	BRNE __GLOBAL_INI_LOOP
000079 01fb      	MOVW R30,R22
00007a cff0      	RJMP __GLOBAL_INI_NEXT
                 __GLOBAL_INI_END:
                 
                 ;GPIOR0 INITIALIZATION
00007b e0e0      	LDI  R30,__GPIOR0_INIT
00007c bbee      	OUT  GPIOR0,R30
                 
                 ;HARDWARE STACK POINTER INITIALIZATION
00007d efef      	LDI  R30,LOW(__SRAM_END-__HEAP_SIZE)
00007e bfed      	OUT  SPL,R30
00007f e0e8      	LDI  R30,HIGH(__SRAM_END-__HEAP_SIZE)
000080 bfee      	OUT  SPH,R30
                 
                 ;DATA STACK POINTER INITIALIZATION
000081 e0c0      	LDI  R28,LOW(__SRAM_START+__DSTACK_SIZE)
000082 e0d3      	LDI  R29,HIGH(__SRAM_START+__DSTACK_SIZE)
                 
000083 940c 0191 	JMP  _main
                 
                 	.ESEG
                 	.ORG 0
                 
                 	.DSEG
                 	.ORG 0x300
                 
                 	.CSEG
                 ;#include <mega328p.h>
                 	#ifndef __SLEEP_DEFINED__
                 	#define __SLEEP_DEFINED__
                 	.EQU __se_bit=0x01
                 	.EQU __sm_mask=0x0E
                 	.EQU __sm_adc_noise_red=0x02
                 	.EQU __sm_powerdown=0x04
                 	.EQU __sm_powersave=0x06
                 	.EQU __sm_standby=0x0C
                 	.EQU __sm_ext_standby=0x0E
                 	.SET power_ctrl_reg=smcr
                 	#endif
                 ;#include <delay.h>
                 ;#include <stdio.h>
                 ;
                 ;// LCD Connections based on your image
                 ;// RS  -> PORTD.4
                 ;// RW  -> GND (connected to ground - always write mode)
                 ;// EN  -> PORTD.5
                 ;// D4  -> PORTD.6
                 ;// D5  -> PORTD.7
                 ;// D6  -> PORTB.0
                 ;// D7  -> PORTB.1
                 ;
                 ;// Define LCD ports and pins
                 ;#define LCD_RS_PORT PORTD
                 ;#define LCD_RS_DDR  DDRD
                 ;#define LCD_RS_PIN  4
                 ;
                 ;#define LCD_EN_PORT PORTD
                 ;#define LCD_EN_DDR  DDRD
                 ;#define LCD_EN_PIN  5
                 ;
                 ;#define LCD_D4_PORT PORTD
                 ;#define LCD_D4_DDR  DDRD
                 ;#define LCD_D4_PIN  6
                 ;
                 ;#define LCD_D5_PORT PORTD
                 ;#define LCD_D5_DDR  DDRD
                 ;#define LCD_D5_PIN  7
                 ;
                 ;#define LCD_D6_PORT PORTB
                 ;#define LCD_D6_DDR  DDRB
                 ;#define LCD_D6_PIN  0
                 ;
                 ;#define LCD_D7_PORT PORTB
                 ;#define LCD_D7_DDR  DDRB
                 ;#define LCD_D7_PIN  1
                 ;
                 ;unsigned char temp, hum;
                 ;
                 ;// Function prototypes
                 ;void lcd_cmd(unsigned char cmd);
                 ;void lcd_data(unsigned char data);
                 ;void lcd_init(void);
                 ;void lcd_gotoxy(unsigned char x, unsigned char y);
                 ;void lcd_puts(char *str);
                 ;void lcd_clear(void);
                 ;void lcd_pulse_enable(void);
                 ;void lcd_send_nibble(unsigned char nibble);
                 ;
                 ;// DHT11 read function
                 ;unsigned char humid_read(unsigned char *temperature, unsigned char *humidity)
                 ; 0000 0035 {
                 
                 	.CSEG
                 _humid_read:
                 ; .FSTART _humid_read
                 ; 0000 0036     unsigned char i, j;
                 ; 0000 0037     unsigned char data[5] = {0, 0, 0, 0, 0};
                 ; 0000 0038 
                 ; 0000 0039     // Start signal
                 ; 0000 003A     DDRD |= (1 << 2);      // PD2 output (DHT11 data pin)
000085 93ba      	ST   -Y,R27
000086 93aa      	ST   -Y,R26
000087 9725      	SBIW R28,5
000088 e0e0      	LDI  R30,LOW(0)
000089 83e8      	ST   Y,R30
00008a 83e9      	STD  Y+1,R30
00008b 83ea      	STD  Y+2,R30
00008c 83eb      	STD  Y+3,R30
00008d 83ec      	STD  Y+4,R30
00008e 931a      	ST   -Y,R17
00008f 930a      	ST   -Y,R16
                 ;	*temperature -> Y+9
                 ;	*humidity -> Y+7
                 ;	i -> R17
                 ;	j -> R16
                 ;	data -> Y+2
000090 9a52      	SBI  0xA,2
                 ; 0000 003B     PORTD &= ~(1 << 2);    // pull low
000091 985a      	CBI  0xB,2
                 ; 0000 003C     delay_ms(18);
000092 e1a2      	LDI  R26,LOW(18)
000093 e0b0      	LDI  R27,0
000094 940e 03df 	CALL _delay_ms
                 ; 0000 003D 
                 ; 0000 003E     PORTD |= (1 << 2);     // pull high
000096 9a5a      	SBI  0xB,2
                 ; 0000 003F     delay_us(30);
                +
000097 ea80     +LDI R24 , LOW ( 160 )
                +__DELAY_USB_LOOP :
000098 958a     +DEC R24
000099 f7f1     +BRNE __DELAY_USB_LOOP
                 	__DELAY_USB 160
                 ; 0000 0040     DDRD &= ~(1 << 2);     // PD2 input
00009a 9852      	CBI  0xA,2
                 ; 0000 0041 
                 ; 0000 0042     // Check response
                 ; 0000 0043     if (PIND & (1 << 2))
00009b 9b4a      	SBIS 0x9,2
00009c c002      	RJMP _0x3
                 ; 0000 0044         return 1;
00009d e0e1      	LDI  R30,LOW(1)
00009e c045      	RJMP _0x2060004
                 ; 0000 0045 
                 ; 0000 0046     // Wait for DHT to pull low
                 ; 0000 0047     while (!(PIND & (1 << 2)));
                 _0x3:
                 _0x4:
00009f 9b4a      	SBIS 0x9,2
0000a0 cffe      	RJMP _0x4
                 ; 0000 0048 
                 ; 0000 0049     // Wait for DHT to pull high
                 ; 0000 004A     while (PIND & (1 << 2));
                 _0x7:
0000a1 994a      	SBIC 0x9,2
0000a2 cffe      	RJMP _0x7
                 ; 0000 004B 
                 ; 0000 004C     // Read 5 bytes of data
                 ; 0000 004D     for(j = 0; j < 5; j++)
0000a3 e000      	LDI  R16,LOW(0)
                 _0xB:
0000a4 3005      	CPI  R16,5
0000a5 f500      	BRSH _0xC
                 ; 0000 004E     {
                 ; 0000 004F         for(i = 0; i < 8; i++)
0000a6 e010      	LDI  R17,LOW(0)
                 _0xE:
0000a7 3018      	CPI  R17,8
0000a8 f4d8      	BRSH _0xF
                 ; 0000 0050         {
                 ; 0000 0051             // Wait for pin to go high
                 ; 0000 0052             while (!(PIND & (1 << 2)));
                 _0x10:
0000a9 9b4a      	SBIS 0x9,2
0000aa cffe      	RJMP _0x10
                 ; 0000 0053 
                 ; 0000 0054             // Wait 30us to sample
                 ; 0000 0055             delay_us(30);
                +
0000ab ea80     +LDI R24 , LOW ( 160 )
                +__DELAY_USB_LOOP :
0000ac 958a     +DEC R24
0000ad f7f1     +BRNE __DELAY_USB_LOOP
                 	__DELAY_USB 160
                 ; 0000 0056 
                 ; 0000 0057             // Check if bit is 1 or 0
                 ; 0000 0058             if (PIND & (1 << 2))
0000ae 9b4a      	SBIS 0x9,2
0000af c010      	RJMP _0x13
                 ; 0000 0059                 data[j] |= (1 << (7 - i));
0000b0 2fe0      	MOV  R30,R16
0000b1 e0f0      	LDI  R31,0
0000b2 01de      	MOVW R26,R28
0000b3 9612      	ADIW R26,2
0000b4 0fea      	ADD  R30,R26
0000b5 1ffb      	ADC  R31,R27
0000b6 01bf      	MOVW R22,R30
0000b7 8010      	LD   R1,Z
0000b8 e0e7      	LDI  R30,LOW(7)
0000b9 1be1      	SUB  R30,R17
0000ba e0a1      	LDI  R26,LOW(1)
0000bb 940e 03f1 	CALL __LSLB12
0000bd 29e1      	OR   R30,R1
0000be 01db      	MOVW R26,R22
0000bf 93ec      	ST   X,R30
                 ; 0000 005A 
                 ; 0000 005B             // Wait for pin to go low
                 ; 0000 005C             while (PIND & (1 << 2));
                 _0x13:
                 _0x14:
0000c0 994a      	SBIC 0x9,2
0000c1 cffe      	RJMP _0x14
                 ; 0000 005D         }
0000c2 5f1f      	SUBI R17,-1
0000c3 cfe3      	RJMP _0xE
                 _0xF:
                 ; 0000 005E     }
0000c4 5f0f      	SUBI R16,-1
0000c5 cfde      	RJMP _0xB
                 _0xC:
                 ; 0000 005F 
                 ; 0000 0060     // Verify checksum
                 ; 0000 0061     if((data[0] + data[1] + data[2] + data[3]) == data[4])
0000c6 81aa      	LDD  R26,Y+2
0000c7 27bb      	CLR  R27
0000c8 81eb      	LDD  R30,Y+3
0000c9 e0f0      	LDI  R31,0
0000ca 0fae      	ADD  R26,R30
0000cb 1fbf      	ADC  R27,R31
0000cc 81ec      	LDD  R30,Y+4
0000cd e0f0      	LDI  R31,0
0000ce 0fae      	ADD  R26,R30
0000cf 1fbf      	ADC  R27,R31
0000d0 81ed      	LDD  R30,Y+5
0000d1 e0f0      	LDI  R31,0
0000d2 0fae      	ADD  R26,R30
0000d3 1fbf      	ADC  R27,R31
0000d4 81ee      	LDD  R30,Y+6
0000d5 e0f0      	LDI  R31,0
0000d6 17ea      	CP   R30,R26
0000d7 07fb      	CPC  R31,R27
0000d8 f451      	BRNE _0x17
                 ; 0000 0062     {
                 ; 0000 0063         *humidity = data[0];
0000d9 81ea      	LDD  R30,Y+2
0000da 81af      	LDD  R26,Y+7
0000db 85b8      	LDD  R27,Y+7+1
0000dc 93ec      	ST   X,R30
                 ; 0000 0064         *temperature = data[2];
0000dd 81ec      	LDD  R30,Y+4
0000de 85a9      	LDD  R26,Y+9
0000df 85ba      	LDD  R27,Y+9+1
0000e0 93ec      	ST   X,R30
                 ; 0000 0065         return 0;
0000e1 e0e0      	LDI  R30,LOW(0)
0000e2 c001      	RJMP _0x2060004
                 ; 0000 0066     }
                 ; 0000 0067 
                 ; 0000 0068     return 2;
                 _0x17:
0000e3 e0e2      	LDI  R30,LOW(2)
                 _0x2060004:
0000e4 8119      	LDD  R17,Y+1
0000e5 8108      	LDD  R16,Y+0
0000e6 962b      	ADIW R28,11
0000e7 9508      	RET
                 ; 0000 0069 }
                 ; .FEND
                 ;
                 ;// LCD Functions
                 ;void lcd_pulse_enable(void)
                 ; 0000 006D {
                 _lcd_pulse_enable:
                 ; .FSTART _lcd_pulse_enable
                 ; 0000 006E     LCD_EN_PORT |= (1 << LCD_EN_PIN);
0000e8 9a5d      	SBI  0xB,5
                 ; 0000 006F     delay_us(2);
                +
0000e9 e08b     +LDI R24 , LOW ( 11 )
                +__DELAY_USB_LOOP :
0000ea 958a     +DEC R24
0000eb f7f1     +BRNE __DELAY_USB_LOOP
                 	__DELAY_USB 11
                 ; 0000 0070     LCD_EN_PORT &= ~(1 << LCD_EN_PIN);
0000ec 985d      	CBI  0xB,5
                 ; 0000 0071     delay_us(2);
                +
0000ed e08b     +LDI R24 , LOW ( 11 )
                +__DELAY_USB_LOOP :
0000ee 958a     +DEC R24
0000ef f7f1     +BRNE __DELAY_USB_LOOP
                 	__DELAY_USB 11
                 ; 0000 0072 }
0000f0 9508      	RET
                 ; .FEND
                 ;
                 ;void lcd_send_nibble(unsigned char nibble)
                 ; 0000 0075 {
                 _lcd_send_nibble:
                 ; .FSTART _lcd_send_nibble
                 ; 0000 0076     // Set D4 (PORTD.6)
                 ; 0000 0077     if(nibble & 0x10)
0000f1 93aa      	ST   -Y,R26
                 ;	nibble -> Y+0
0000f2 81e8      	LD   R30,Y
0000f3 71e0      	ANDI R30,LOW(0x10)
0000f4 f011      	BREQ _0x18
                 ; 0000 0078         LCD_D4_PORT |= (1 << LCD_D4_PIN);
0000f5 9a5e      	SBI  0xB,6
                 ; 0000 0079     else
0000f6 c001      	RJMP _0x19
                 _0x18:
                 ; 0000 007A         LCD_D4_PORT &= ~(1 << LCD_D4_PIN);
0000f7 985e      	CBI  0xB,6
                 ; 0000 007B 
                 ; 0000 007C     // Set D5 (PORTD.7)
                 ; 0000 007D     if(nibble & 0x20)
                 _0x19:
0000f8 81e8      	LD   R30,Y
0000f9 72e0      	ANDI R30,LOW(0x20)
0000fa f011      	BREQ _0x1A
                 ; 0000 007E         LCD_D5_PORT |= (1 << LCD_D5_PIN);
0000fb 9a5f      	SBI  0xB,7
                 ; 0000 007F     else
0000fc c001      	RJMP _0x1B
                 _0x1A:
                 ; 0000 0080         LCD_D5_PORT &= ~(1 << LCD_D5_PIN);
0000fd 985f      	CBI  0xB,7
                 ; 0000 0081 
                 ; 0000 0082     // Set D6 (PORTB.0)
                 ; 0000 0083     if(nibble & 0x40)
                 _0x1B:
0000fe 81e8      	LD   R30,Y
0000ff 74e0      	ANDI R30,LOW(0x40)
000100 f011      	BREQ _0x1C
                 ; 0000 0084         LCD_D6_PORT |= (1 << LCD_D6_PIN);
000101 9a28      	SBI  0x5,0
                 ; 0000 0085     else
000102 c001      	RJMP _0x1D
                 _0x1C:
                 ; 0000 0086         LCD_D6_PORT &= ~(1 << LCD_D6_PIN);
000103 9828      	CBI  0x5,0
                 ; 0000 0087 
                 ; 0000 0088     // Set D7 (PORTB.1)
                 ; 0000 0089     if(nibble & 0x80)
                 _0x1D:
000104 81e8      	LD   R30,Y
000105 78e0      	ANDI R30,LOW(0x80)
000106 f011      	BREQ _0x1E
                 ; 0000 008A         LCD_D7_PORT |= (1 << LCD_D7_PIN);
000107 9a29      	SBI  0x5,1
                 ; 0000 008B     else
000108 c001      	RJMP _0x1F
                 _0x1E:
                 ; 0000 008C         LCD_D7_PORT &= ~(1 << LCD_D7_PIN);
000109 9829      	CBI  0x5,1
                 ; 0000 008D 
                 ; 0000 008E     lcd_pulse_enable();
                 _0x1F:
00010a dfdd      	RCALL _lcd_pulse_enable
                 ; 0000 008F }
00010b c01f      	RJMP _0x2060003
                 ; .FEND
                 ;
                 ;void lcd_cmd(unsigned char cmd)
                 ; 0000 0092 {
                 _lcd_cmd:
                 ; .FSTART _lcd_cmd
                 ; 0000 0093     // RS = 0 for command
                 ; 0000 0094     LCD_RS_PORT &= ~(1 << LCD_RS_PIN);
00010c 93aa      	ST   -Y,R26
                 ;	cmd -> Y+0
00010d 985c      	CBI  0xB,4
                 ; 0000 0095 
                 ; 0000 0096     // Send upper nibble
                 ; 0000 0097     lcd_send_nibble(cmd & 0xF0);
00010e 81e8      	LD   R30,Y
00010f 7fe0      	ANDI R30,LOW(0xF0)
000110 2fae      	MOV  R26,R30
000111 dfdf      	RCALL _lcd_send_nibble
                 ; 0000 0098 
                 ; 0000 0099     // Send lower nibble
                 ; 0000 009A     lcd_send_nibble((cmd << 4) & 0xF0);
000112 81e8      	LD   R30,Y
000113 95e2      	SWAP R30
000114 7fe0      	ANDI R30,LOW(0xF0)
000115 2fae      	MOV  R26,R30
000116 dfda      	RCALL _lcd_send_nibble
                 ; 0000 009B 
                 ; 0000 009C     delay_ms(2);
000117 e0a2      	LDI  R26,LOW(2)
000118 e0b0      	LDI  R27,0
000119 940e 03df 	CALL _delay_ms
                 ; 0000 009D }
00011b c00f      	RJMP _0x2060003
                 ; .FEND
                 ;
                 ;void lcd_data(unsigned char data)
                 ; 0000 00A0 {
                 _lcd_data:
                 ; .FSTART _lcd_data
                 ; 0000 00A1     // RS = 1 for data
                 ; 0000 00A2     LCD_RS_PORT |= (1 << LCD_RS_PIN);
00011c 93aa      	ST   -Y,R26
                 ;	data -> Y+0
00011d 9a5c      	SBI  0xB,4
                 ; 0000 00A3 
                 ; 0000 00A4     // Send upper nibble
                 ; 0000 00A5     lcd_send_nibble(data & 0xF0);
00011e 81e8      	LD   R30,Y
00011f 7fe0      	ANDI R30,LOW(0xF0)
000120 2fae      	MOV  R26,R30
000121 dfcf      	RCALL _lcd_send_nibble
                 ; 0000 00A6 
                 ; 0000 00A7     // Send lower nibble
                 ; 0000 00A8     lcd_send_nibble((data << 4) & 0xF0);
000122 81e8      	LD   R30,Y
000123 95e2      	SWAP R30
000124 7fe0      	ANDI R30,LOW(0xF0)
000125 2fae      	MOV  R26,R30
000126 dfca      	RCALL _lcd_send_nibble
                 ; 0000 00A9 
                 ; 0000 00AA     delay_us(50);
                +
000127 ec88     +LDI R24 , LOW ( 200 )
000128 e090     +LDI R25 , HIGH ( 200 )
                +__DELAY_USW_LOOP :
000129 9701     +SBIW R24 , 1
00012a f7f1     +BRNE __DELAY_USW_LOOP
                 	__DELAY_USW 200
                 ; 0000 00AB }
                 _0x2060003:
00012b 9621      	ADIW R28,1
00012c 9508      	RET
                 ; .FEND
                 ;
                 ;void lcd_init(void)
                 ; 0000 00AE {
                 _lcd_init:
                 ; .FSTART _lcd_init
                 ; 0000 00AF     // Configure all LCD pins as outputs
                 ; 0000 00B0     // RS pin
                 ; 0000 00B1     LCD_RS_DDR |= (1 << LCD_RS_PIN);
00012d 9a54      	SBI  0xA,4
                 ; 0000 00B2     LCD_RS_PORT &= ~(1 << LCD_RS_PIN);  // Start with RS low
00012e 985c      	CBI  0xB,4
                 ; 0000 00B3 
                 ; 0000 00B4     // EN pin
                 ; 0000 00B5     LCD_EN_DDR |= (1 << LCD_EN_PIN);
00012f 9a55      	SBI  0xA,5
                 ; 0000 00B6     LCD_EN_PORT &= ~(1 << LCD_EN_PIN);  // Start with EN low
000130 985d      	CBI  0xB,5
                 ; 0000 00B7 
                 ; 0000 00B8     // D4-D7 pins
                 ; 0000 00B9     LCD_D4_DDR |= (1 << LCD_D4_PIN);
000131 9a56      	SBI  0xA,6
                 ; 0000 00BA     LCD_D5_DDR |= (1 << LCD_D5_PIN);
000132 9a57      	SBI  0xA,7
                 ; 0000 00BB     LCD_D6_DDR |= (1 << LCD_D6_PIN);
000133 9a20      	SBI  0x4,0
                 ; 0000 00BC     LCD_D7_DDR |= (1 << LCD_D7_PIN);
000134 9a21      	SBI  0x4,1
                 ; 0000 00BD 
                 ; 0000 00BE     // Initialize all data pins to low
                 ; 0000 00BF     LCD_D4_PORT &= ~(1 << LCD_D4_PIN);
000135 985e      	CBI  0xB,6
                 ; 0000 00C0     LCD_D5_PORT &= ~(1 << LCD_D5_PIN);
000136 985f      	CBI  0xB,7
                 ; 0000 00C1     LCD_D6_PORT &= ~(1 << LCD_D6_PIN);
000137 9828      	CBI  0x5,0
                 ; 0000 00C2     LCD_D7_PORT &= ~(1 << LCD_D7_PIN);
000138 9829      	CBI  0x5,1
                 ; 0000 00C3 
                 ; 0000 00C4     delay_ms(20);  // Wait for LCD to power up
000139 e1a4      	LDI  R26,LOW(20)
00013a e0b0      	LDI  R27,0
00013b 940e 03df 	CALL _delay_ms
                 ; 0000 00C5 
                 ; 0000 00C6     // Initialization sequence
                 ; 0000 00C7     lcd_send_nibble(0x30);  // Function set 8-bit
00013d e3a0      	LDI  R26,LOW(48)
00013e dfb2      	RCALL _lcd_send_nibble
                 ; 0000 00C8     delay_ms(5);
00013f e0a5      	LDI  R26,LOW(5)
000140 e0b0      	LDI  R27,0
000141 940e 03df 	CALL _delay_ms
                 ; 0000 00C9     lcd_send_nibble(0x30);  // Function set 8-bit
000143 e3a0      	LDI  R26,LOW(48)
000144 dfac      	RCALL _lcd_send_nibble
                 ; 0000 00CA     delay_us(150);
                +
000145 e588     +LDI R24 , LOW ( 600 )
000146 e092     +LDI R25 , HIGH ( 600 )
                +__DELAY_USW_LOOP :
000147 9701     +SBIW R24 , 1
000148 f7f1     +BRNE __DELAY_USW_LOOP
                 	__DELAY_USW 600
                 ; 0000 00CB     lcd_send_nibble(0x30);  // Function set 8-bit
000149 e3a0      	LDI  R26,LOW(48)
00014a dfa6      	RCALL _lcd_send_nibble
                 ; 0000 00CC     delay_ms(5);
00014b e0a5      	LDI  R26,LOW(5)
00014c e0b0      	LDI  R27,0
00014d 940e 03df 	CALL _delay_ms
                 ; 0000 00CD 
                 ; 0000 00CE     // Set to 4-bit mode
                 ; 0000 00CF     lcd_send_nibble(0x20);  // Function set 4-bit
00014f e2a0      	LDI  R26,LOW(32)
000150 dfa0      	RCALL _lcd_send_nibble
                 ; 0000 00D0     delay_ms(5);
000151 e0a5      	LDI  R26,LOW(5)
000152 e0b0      	LDI  R27,0
000153 940e 03df 	CALL _delay_ms
                 ; 0000 00D1 
                 ; 0000 00D2     // Now in 4-bit mode, we can use lcd_cmd
                 ; 0000 00D3     // Function set: 4-bit, 2 lines, 5x7 dots
                 ; 0000 00D4     lcd_cmd(0x28);
000155 e2a8      	LDI  R26,LOW(40)
000156 dfb5      	RCALL _lcd_cmd
                 ; 0000 00D5     delay_ms(1);
000157 e0a1      	LDI  R26,LOW(1)
000158 e0b0      	LDI  R27,0
000159 940e 03df 	CALL _delay_ms
                 ; 0000 00D6 
                 ; 0000 00D7     // Display on, cursor off
                 ; 0000 00D8     lcd_cmd(0x0C);
00015b e0ac      	LDI  R26,LOW(12)
00015c dfaf      	RCALL _lcd_cmd
                 ; 0000 00D9     delay_ms(1);
00015d e0a1      	LDI  R26,LOW(1)
00015e e0b0      	LDI  R27,0
00015f 940e 03df 	CALL _delay_ms
                 ; 0000 00DA 
                 ; 0000 00DB     // Clear display
                 ; 0000 00DC     lcd_cmd(0x01);
000161 e0a1      	LDI  R26,LOW(1)
000162 dfa9      	RCALL _lcd_cmd
                 ; 0000 00DD     delay_ms(2);
000163 e0a2      	LDI  R26,LOW(2)
000164 e0b0      	LDI  R27,0
000165 940e 03df 	CALL _delay_ms
                 ; 0000 00DE 
                 ; 0000 00DF     // Entry mode set: increment, no shift
                 ; 0000 00E0     lcd_cmd(0x06);
000167 e0a6      	LDI  R26,LOW(6)
000168 dfa3      	RCALL _lcd_cmd
                 ; 0000 00E1     delay_ms(1);
000169 e0a1      	LDI  R26,LOW(1)
00016a c022      	RJMP _0x2060002
                 ; 0000 00E2 }
                 ; .FEND
                 ;
                 ;void lcd_gotoxy(unsigned char x, unsigned char y)
                 ; 0000 00E5 {
                 _lcd_gotoxy:
                 ; .FSTART _lcd_gotoxy
                 ; 0000 00E6     unsigned char address;
                 ; 0000 00E7 
                 ; 0000 00E8     if(y == 0)
00016b 93aa      	ST   -Y,R26
00016c 931a      	ST   -Y,R17
                 ;	x -> Y+2
                 ;	y -> Y+1
                 ;	address -> R17
00016d 81e9      	LDD  R30,Y+1
00016e 30e0      	CPI  R30,0
00016f f419      	BRNE _0x20
                 ; 0000 00E9         address = 0x80 + x;
000170 81ea      	LDD  R30,Y+2
000171 58e0      	SUBI R30,-LOW(128)
000172 c002      	RJMP _0x2C
                 ; 0000 00EA     else
                 _0x20:
                 ; 0000 00EB         address = 0xC0 + x;
000173 81ea      	LDD  R30,Y+2
000174 54e0      	SUBI R30,-LOW(192)
                 _0x2C:
000175 2f1e      	MOV  R17,R30
                 ; 0000 00EC 
                 ; 0000 00ED     lcd_cmd(address);
000176 2fa1      	MOV  R26,R17
000177 df94      	RCALL _lcd_cmd
                 ; 0000 00EE }
000178 8118      	LDD  R17,Y+0
000179 9623      	ADIW R28,3
00017a 9508      	RET
                 ; .FEND
                 ;
                 ;void lcd_puts(char *str)
                 ; 0000 00F1 {
                 _lcd_puts:
                 ; .FSTART _lcd_puts
                 ; 0000 00F2     while(*str)
00017b 93ba      	ST   -Y,R27
00017c 93aa      	ST   -Y,R26
                 ;	*str -> Y+0
                 _0x22:
00017d 81a8      	LD   R26,Y
00017e 81b9      	LDD  R27,Y+1
00017f 91ec      	LD   R30,X
000180 30e0      	CPI  R30,0
000181 f031      	BREQ _0x24
                 ; 0000 00F3     {
                 ; 0000 00F4         lcd_data(*str++);
000182 91ed      	LD   R30,X+
000183 83a8      	ST   Y,R26
000184 83b9      	STD  Y+1,R27
000185 2fae      	MOV  R26,R30
000186 df95      	RCALL _lcd_data
                 ; 0000 00F5     }
000187 cff5      	RJMP _0x22
                 _0x24:
                 ; 0000 00F6 }
000188 9622      	ADIW R28,2
000189 9508      	RET
                 ; .FEND
                 ;
                 ;void lcd_clear(void)
                 ; 0000 00F9 {
                 _lcd_clear:
                 ; .FSTART _lcd_clear
                 ; 0000 00FA     lcd_cmd(0x01);
00018a e0a1      	LDI  R26,LOW(1)
00018b df80      	RCALL _lcd_cmd
                 ; 0000 00FB     delay_ms(2);
00018c e0a2      	LDI  R26,LOW(2)
                 _0x2060002:
00018d e0b0      	LDI  R27,0
00018e 940e 03df 	CALL _delay_ms
                 ; 0000 00FC }
000190 9508      	RET
                 ; .FEND
                 ;
                 ;void main(void)
                 ; 0000 00FF {
                 _main:
                 ; .FSTART _main
                 ; 0000 0100     char buffer[17];
                 ; 0000 0101 
                 ; 0000 0102     // Initialize LCD
                 ; 0000 0103     lcd_init();
000191 9761      	SBIW R28,17
                 ;	buffer -> Y+0
000192 df9a      	RCALL _lcd_init
                 ; 0000 0104     lcd_clear();
000193 dff6      	RCALL _lcd_clear
                 ; 0000 0105 
                 ; 0000 0106     while(1)
                 _0x25:
                 ; 0000 0107     {
                 ; 0000 0108         if(humid_read(&temp, &hum) == 0)
000194 e0e4      	LDI  R30,LOW(4)
000195 e0f0      	LDI  R31,HIGH(4)
000196 93fa      	ST   -Y,R31
000197 93ea      	ST   -Y,R30
000198 e0a3      	LDI  R26,LOW(3)
000199 e0b0      	LDI  R27,HIGH(3)
00019a deea      	RCALL _humid_read
00019b 30e0      	CPI  R30,0
00019c f561      	BRNE _0x28
                 ; 0000 0109         {
                 ; 0000 010A             lcd_gotoxy(0, 0);
00019d e0e0      	LDI  R30,LOW(0)
00019e 93ea      	ST   -Y,R30
00019f e0a0      	LDI  R26,LOW(0)
0001a0 dfca      	RCALL _lcd_gotoxy
                 ; 0000 010B             sprintf(buffer, "Temp:%d C   ", temp);
0001a1 01fe      	MOVW R30,R28
0001a2 93fa      	ST   -Y,R31
0001a3 93ea      	ST   -Y,R30
                +
0001a4 e7ea     +LDI R30 , LOW ( 2 * _0x0 + ( 0 ) )
0001a5 e0f0     +LDI R31 , HIGH ( 2 * _0x0 + ( 0 ) )
                 	__POINTW1FN _0x0,0
0001a6 93fa      	ST   -Y,R31
0001a7 93ea      	ST   -Y,R30
0001a8 2de4      	MOV  R30,R4
0001a9 27ff      	CLR  R31
0001aa 2766      	CLR  R22
0001ab 2777      	CLR  R23
0001ac 940e 0401 	CALL __PUTPARD1
0001ae e084      	LDI  R24,4
0001af d1da      	RCALL _sprintf
0001b0 9628      	ADIW R28,8
                 ; 0000 010C             lcd_puts(buffer);
0001b1 01de      	MOVW R26,R28
0001b2 dfc8      	RCALL _lcd_puts
                 ; 0000 010D 
                 ; 0000 010E             lcd_gotoxy(0, 1);
0001b3 e0e0      	LDI  R30,LOW(0)
0001b4 93ea      	ST   -Y,R30
0001b5 e0a1      	LDI  R26,LOW(1)
0001b6 dfb4      	RCALL _lcd_gotoxy
                 ; 0000 010F             sprintf(buffer, "Hum:%d %%   ", hum);
0001b7 01fe      	MOVW R30,R28
0001b8 93fa      	ST   -Y,R31
0001b9 93ea      	ST   -Y,R30
                +
0001ba e8e7     +LDI R30 , LOW ( 2 * _0x0 + ( 13 ) )
0001bb e0f0     +LDI R31 , HIGH ( 2 * _0x0 + ( 13 ) )
                 	__POINTW1FN _0x0,13
0001bc 93fa      	ST   -Y,R31
0001bd 93ea      	ST   -Y,R30
0001be 2de3      	MOV  R30,R3
0001bf 27ff      	CLR  R31
0001c0 2766      	CLR  R22
0001c1 2777      	CLR  R23
0001c2 940e 0401 	CALL __PUTPARD1
0001c4 e084      	LDI  R24,4
0001c5 d1c4      	RCALL _sprintf
0001c6 9628      	ADIW R28,8
                 ; 0000 0110             lcd_puts(buffer);
0001c7 01de      	MOVW R26,R28
0001c8 c006      	RJMP _0x2D
                 ; 0000 0111         }
                 ; 0000 0112         else
                 _0x28:
                 ; 0000 0113         {
                 ; 0000 0114             lcd_gotoxy(0, 0);
0001c9 e0e0      	LDI  R30,LOW(0)
0001ca 93ea      	ST   -Y,R30
0001cb e0a0      	LDI  R26,LOW(0)
0001cc df9e      	RCALL _lcd_gotoxy
                 ; 0000 0115             lcd_puts("DHT11 Error   ");
                +
0001cd e0a0     +LDI R26 , LOW ( _0x2A + ( 0 ) )
0001ce e0b3     +LDI R27 , HIGH ( _0x2A + ( 0 ) )
                 	__POINTW2MN _0x2A,0
                 _0x2D:
0001cf dfab      	RCALL _lcd_puts
                 ; 0000 0116         }
                 ; 0000 0117 
                 ; 0000 0118         delay_ms(2000);
0001d0 eda0      	LDI  R26,LOW(2000)
0001d1 e0b7      	LDI  R27,HIGH(2000)
0001d2 940e 03df 	CALL _delay_ms
                 ; 0000 0119     }
0001d4 cfbf      	RJMP _0x25
                 ; 0000 011A }
                 _0x2B:
0001d5 cfff      	RJMP _0x2B
                 ; .FEND
                 
                 	.DSEG
                 _0x2A:
000300           	.BYTE 0xF
                 	#ifndef __SLEEP_DEFINED__
                 	#endif
                 
                 	.CSEG
                 _put_buff_G100:
                 ; .FSTART _put_buff_G100
0001d6 93ba      	ST   -Y,R27
0001d7 93aa      	ST   -Y,R26
0001d8 931a      	ST   -Y,R17
0001d9 930a      	ST   -Y,R16
0001da 81aa      	LDD  R26,Y+2
0001db 81bb      	LDD  R27,Y+2+1
0001dc 9612      	ADIW R26,2
0001dd 940e 03f9 	CALL __GETW1P
0001df 9730      	SBIW R30,0
0001e0 f159      	BREQ _0x2000016
0001e1 81aa      	LDD  R26,Y+2
0001e2 81bb      	LDD  R27,Y+2+1
0001e3 9614      	ADIW R26,4
0001e4 940e 03f9 	CALL __GETW1P
0001e6 018f      	MOVW R16,R30
0001e7 9730      	SBIW R30,0
0001e8 f061      	BREQ _0x2000018
                +
0001e9 3002     +CPI R16 , LOW ( 2 )
0001ea e0e0     +LDI R30 , HIGH ( 2 )
0001eb 071e     +CPC R17 , R30
                 	__CPWRN 16,17,2
0001ec f098      	BRLO _0x2000019
0001ed 01f8      	MOVW R30,R16
0001ee 9731      	SBIW R30,1
0001ef 018f      	MOVW R16,R30
                +
0001f0 81aa     +LDD R26 , Y + 2
0001f1 81bb     +LDD R27 , Y + 2 + 1
0001f2 9614     +ADIW R26 , 4
0001f3 93ed     +ST X + , R30
0001f4 93fc     +ST X , R31
                 	__PUTW1SNS 2,4
                 _0x2000018:
0001f5 81aa      	LDD  R26,Y+2
0001f6 81bb      	LDD  R27,Y+2+1
0001f7 9612      	ADIW R26,2
0001f8 91ed      	LD   R30,X+
0001f9 91fd      	LD   R31,X+
0001fa 9631      	ADIW R30,1
0001fb 93fe      	ST   -X,R31
0001fc 93ee      	ST   -X,R30
0001fd 9731      	SBIW R30,1
0001fe 81ac      	LDD  R26,Y+4
0001ff 83a0      	STD  Z+0,R26
                 _0x2000019:
000200 81aa      	LDD  R26,Y+2
000201 81bb      	LDD  R27,Y+2+1
000202 940e 03f9 	CALL __GETW1P
000204 23ff      	TST  R31
000205 f02a      	BRMI _0x200001A
000206 91ed      	LD   R30,X+
000207 91fd      	LD   R31,X+
000208 9631      	ADIW R30,1
000209 93fe      	ST   -X,R31
00020a 93ee      	ST   -X,R30
                 _0x200001A:
00020b c006      	RJMP _0x200001B
                 _0x2000016:
00020c 81aa      	LDD  R26,Y+2
00020d 81bb      	LDD  R27,Y+2+1
00020e efef      	LDI  R30,LOW(65535)
00020f efff      	LDI  R31,HIGH(65535)
000210 93ed      	ST   X+,R30
000211 93fc      	ST   X,R31
                 _0x200001B:
000212 8119      	LDD  R17,Y+1
000213 8108      	LDD  R16,Y+0
000214 9625      	ADIW R28,5
000215 9508      	RET
                 ; .FEND
                 __print_G100:
                 ; .FSTART __print_G100
000216 93ba      	ST   -Y,R27
000217 93aa      	ST   -Y,R26
000218 9726      	SBIW R28,6
000219 940e 0406 	CALL __SAVELOCR6
00021b e010      	LDI  R17,0
00021c 85ac      	LDD  R26,Y+12
00021d 85bd      	LDD  R27,Y+12+1
00021e e0e0      	LDI  R30,LOW(0)
00021f e0f0      	LDI  R31,HIGH(0)
000220 93ed      	ST   X+,R30
000221 93fc      	ST   X,R31
                 _0x200001C:
000222 89ea      	LDD  R30,Y+18
000223 89fb      	LDD  R31,Y+18+1
000224 9631      	ADIW R30,1
000225 8bea      	STD  Y+18,R30
000226 8bfb      	STD  Y+18+1,R31
000227 9731      	SBIW R30,1
000228 91e4      	LPM  R30,Z
000229 2f2e      	MOV  R18,R30
00022a 30e0      	CPI  R30,0
00022b f409      	BRNE PC+2
00022c c155      	RJMP _0x200001E
00022d 2fe1      	MOV  R30,R17
00022e 30e0      	CPI  R30,0
00022f f459      	BRNE _0x2000022
000230 3225      	CPI  R18,37
000231 f411      	BRNE _0x2000023
000232 e011      	LDI  R17,LOW(1)
000233 c006      	RJMP _0x2000024
                 _0x2000023:
000234 932a      	ST   -Y,R18
000235 85ad      	LDD  R26,Y+13
000236 85be      	LDD  R27,Y+13+1
000237 85ef      	LDD  R30,Y+15
000238 89f8      	LDD  R31,Y+15+1
000239 9509      	ICALL
                 _0x2000024:
00023a c146      	RJMP _0x2000021
                 _0x2000022:
00023b 30e1      	CPI  R30,LOW(0x1)
00023c f4c9      	BRNE _0x2000025
00023d 3225      	CPI  R18,37
00023e f439      	BRNE _0x2000026
00023f 932a      	ST   -Y,R18
000240 85ad      	LDD  R26,Y+13
000241 85be      	LDD  R27,Y+13+1
000242 85ef      	LDD  R30,Y+15
000243 89f8      	LDD  R31,Y+15+1
000244 9509      	ICALL
000245 c13a      	RJMP _0x20000D2
                 _0x2000026:
000246 e012      	LDI  R17,LOW(2)
000247 e040      	LDI  R20,LOW(0)
000248 e000      	LDI  R16,LOW(0)
000249 322d      	CPI  R18,45
00024a f411      	BRNE _0x2000027
00024b e001      	LDI  R16,LOW(1)
00024c c134      	RJMP _0x2000021
                 _0x2000027:
00024d 322b      	CPI  R18,43
00024e f411      	BRNE _0x2000028
00024f e24b      	LDI  R20,LOW(43)
000250 c130      	RJMP _0x2000021
                 _0x2000028:
000251 3220      	CPI  R18,32
000252 f411      	BRNE _0x2000029
000253 e240      	LDI  R20,LOW(32)
000254 c12c      	RJMP _0x2000021
                 _0x2000029:
000255 c002      	RJMP _0x200002A
                 _0x2000025:
000256 30e2      	CPI  R30,LOW(0x2)
000257 f439      	BRNE _0x200002B
                 _0x200002A:
000258 e050      	LDI  R21,LOW(0)
000259 e013      	LDI  R17,LOW(3)
00025a 3320      	CPI  R18,48
00025b f411      	BRNE _0x200002C
00025c 6800      	ORI  R16,LOW(128)
00025d c123      	RJMP _0x2000021
                 _0x200002C:
00025e c003      	RJMP _0x200002D
                 _0x200002B:
00025f 30e3      	CPI  R30,LOW(0x3)
000260 f009      	BREQ PC+2
000261 c11f      	RJMP _0x2000021
                 _0x200002D:
000262 3320      	CPI  R18,48
000263 f010      	BRLO _0x2000030
000264 332a      	CPI  R18,58
000265 f008      	BRLO _0x2000031
                 _0x2000030:
000266 c007      	RJMP _0x200002F
                 _0x2000031:
000267 e0aa      	LDI  R26,LOW(10)
000268 9f5a      	MUL  R21,R26
000269 2d50      	MOV  R21,R0
00026a 2fe2      	MOV  R30,R18
00026b 53e0      	SUBI R30,LOW(48)
00026c 0f5e      	ADD  R21,R30
00026d c113      	RJMP _0x2000021
                 _0x200002F:
00026e 2fe2      	MOV  R30,R18
00026f 36e3      	CPI  R30,LOW(0x63)
000270 f469      	BRNE _0x2000035
000271 89e8      	LDD  R30,Y+16
000272 89f9      	LDD  R31,Y+16+1
000273 9734      	SBIW R30,4
000274 8be8      	STD  Y+16,R30
000275 8bf9      	STD  Y+16+1,R31
000276 81a4      	LDD  R26,Z+4
000277 93aa      	ST   -Y,R26
000278 85ad      	LDD  R26,Y+13
000279 85be      	LDD  R27,Y+13+1
00027a 85ef      	LDD  R30,Y+15
00027b 89f8      	LDD  R31,Y+15+1
00027c 9509      	ICALL
00027d c102      	RJMP _0x2000036
                 _0x2000035:
00027e 37e3      	CPI  R30,LOW(0x73)
00027f f491      	BRNE _0x2000038
000280 89e8      	LDD  R30,Y+16
000281 89f9      	LDD  R31,Y+16+1
000282 9734      	SBIW R30,4
000283 8be8      	STD  Y+16,R30
000284 8bf9      	STD  Y+16+1,R31
000285 89a8      	LDD  R26,Y+16
000286 89b9      	LDD  R27,Y+16+1
000287 9614      	ADIW R26,4
000288 940e 03f9 	CALL __GETW1P
00028a 83ee      	STD  Y+6,R30
00028b 83ff      	STD  Y+6+1,R31
00028c 81ae      	LDD  R26,Y+6
00028d 81bf      	LDD  R27,Y+6+1
00028e 940e 03c6 	CALL _strlen
000290 2f1e      	MOV  R17,R30
000291 c014      	RJMP _0x2000039
                 _0x2000038:
000292 37e0      	CPI  R30,LOW(0x70)
000293 f4b1      	BRNE _0x200003B
000294 89e8      	LDD  R30,Y+16
000295 89f9      	LDD  R31,Y+16+1
000296 9734      	SBIW R30,4
000297 8be8      	STD  Y+16,R30
000298 8bf9      	STD  Y+16+1,R31
000299 89a8      	LDD  R26,Y+16
00029a 89b9      	LDD  R27,Y+16+1
00029b 9614      	ADIW R26,4
00029c 940e 03f9 	CALL __GETW1P
00029e 83ee      	STD  Y+6,R30
00029f 83ff      	STD  Y+6+1,R31
0002a0 81ae      	LDD  R26,Y+6
0002a1 81bf      	LDD  R27,Y+6+1
0002a2 940e 03d2 	CALL _strlenf
0002a4 2f1e      	MOV  R17,R30
0002a5 6008      	ORI  R16,LOW(8)
                 _0x2000039:
0002a6 6002      	ORI  R16,LOW(2)
0002a7 770f      	ANDI R16,LOW(127)
0002a8 e030      	LDI  R19,LOW(0)
0002a9 c042      	RJMP _0x200003C
                 _0x200003B:
0002aa 36e4      	CPI  R30,LOW(0x64)
0002ab f011      	BREQ _0x200003F
0002ac 36e9      	CPI  R30,LOW(0x69)
0002ad f411      	BRNE _0x2000040
                 _0x200003F:
0002ae 6004      	ORI  R16,LOW(4)
0002af c002      	RJMP _0x2000041
                 _0x2000040:
0002b0 37e5      	CPI  R30,LOW(0x75)
0002b1 f431      	BRNE _0x2000042
                 _0x2000041:
0002b2 e6e8      	LDI  R30,LOW(_tbl10_G100*2)
0002b3 e0f0      	LDI  R31,HIGH(_tbl10_G100*2)
0002b4 83ee      	STD  Y+6,R30
0002b5 83ff      	STD  Y+6+1,R31
0002b6 e015      	LDI  R17,LOW(5)
0002b7 c00c      	RJMP _0x2000043
                 _0x2000042:
0002b8 35e8      	CPI  R30,LOW(0x58)
0002b9 f411      	BRNE _0x2000045
0002ba 6008      	ORI  R16,LOW(8)
0002bb c003      	RJMP _0x2000046
                 _0x2000045:
0002bc 37e8      	CPI  R30,LOW(0x78)
0002bd f009      	BREQ PC+2
0002be c0c1      	RJMP _0x2000077
                 _0x2000046:
0002bf e7e2      	LDI  R30,LOW(_tbl16_G100*2)
0002c0 e0f0      	LDI  R31,HIGH(_tbl16_G100*2)
0002c1 83ee      	STD  Y+6,R30
0002c2 83ff      	STD  Y+6+1,R31
0002c3 e014      	LDI  R17,LOW(4)
                 _0x2000043:
0002c4 ff02      	SBRS R16,2
0002c5 c01a      	RJMP _0x2000048
0002c6 89e8      	LDD  R30,Y+16
0002c7 89f9      	LDD  R31,Y+16+1
0002c8 9734      	SBIW R30,4
0002c9 8be8      	STD  Y+16,R30
0002ca 8bf9      	STD  Y+16+1,R31
0002cb 89a8      	LDD  R26,Y+16
0002cc 89b9      	LDD  R27,Y+16+1
0002cd 9614      	ADIW R26,4
0002ce 940e 03f9 	CALL __GETW1P
0002d0 87ea      	STD  Y+10,R30
0002d1 87fb      	STD  Y+10+1,R31
0002d2 85ab      	LDD  R26,Y+11
0002d3 23aa      	TST  R26
0002d4 f42a      	BRPL _0x2000049
0002d5 940e 03ed 	CALL __ANEGW1
0002d7 87ea      	STD  Y+10,R30
0002d8 87fb      	STD  Y+10+1,R31
0002d9 e24d      	LDI  R20,LOW(45)
                 _0x2000049:
0002da 3040      	CPI  R20,0
0002db f011      	BREQ _0x200004A
0002dc 5f1f      	SUBI R17,-LOW(1)
0002dd c001      	RJMP _0x200004B
                 _0x200004A:
0002de 7f0b      	ANDI R16,LOW(251)
                 _0x200004B:
0002df c00c      	RJMP _0x200004C
                 _0x2000048:
0002e0 89e8      	LDD  R30,Y+16
0002e1 89f9      	LDD  R31,Y+16+1
0002e2 9734      	SBIW R30,4
0002e3 8be8      	STD  Y+16,R30
0002e4 8bf9      	STD  Y+16+1,R31
0002e5 89a8      	LDD  R26,Y+16
0002e6 89b9      	LDD  R27,Y+16+1
0002e7 9614      	ADIW R26,4
0002e8 940e 03f9 	CALL __GETW1P
0002ea 87ea      	STD  Y+10,R30
0002eb 87fb      	STD  Y+10+1,R31
                 _0x200004C:
                 _0x200003C:
0002ec fd00      	SBRC R16,0
0002ed c015      	RJMP _0x200004D
                 _0x200004E:
0002ee 1715      	CP   R17,R21
0002ef f498      	BRSH _0x2000050
0002f0 ff07      	SBRS R16,7
0002f1 c008      	RJMP _0x2000051
0002f2 ff02      	SBRS R16,2
0002f3 c004      	RJMP _0x2000052
0002f4 7f0b      	ANDI R16,LOW(251)
0002f5 2f24      	MOV  R18,R20
0002f6 5011      	SUBI R17,LOW(1)
0002f7 c001      	RJMP _0x2000053
                 _0x2000052:
0002f8 e320      	LDI  R18,LOW(48)
                 _0x2000053:
0002f9 c001      	RJMP _0x2000054
                 _0x2000051:
0002fa e220      	LDI  R18,LOW(32)
                 _0x2000054:
0002fb 932a      	ST   -Y,R18
0002fc 85ad      	LDD  R26,Y+13
0002fd 85be      	LDD  R27,Y+13+1
0002fe 85ef      	LDD  R30,Y+15
0002ff 89f8      	LDD  R31,Y+15+1
000300 9509      	ICALL
000301 5051      	SUBI R21,LOW(1)
000302 cfeb      	RJMP _0x200004E
                 _0x2000050:
                 _0x200004D:
000303 2f31      	MOV  R19,R17
000304 ff01      	SBRS R16,1
000305 c01b      	RJMP _0x2000055
                 _0x2000056:
000306 3030      	CPI  R19,0
000307 f0c1      	BREQ _0x2000058
000308 ff03      	SBRS R16,3
000309 c006      	RJMP _0x2000059
00030a 81ee      	LDD  R30,Y+6
00030b 81ff      	LDD  R31,Y+6+1
00030c 9125      	LPM  R18,Z+
00030d 83ee      	STD  Y+6,R30
00030e 83ff      	STD  Y+6+1,R31
00030f c005      	RJMP _0x200005A
                 _0x2000059:
000310 81ae      	LDD  R26,Y+6
000311 81bf      	LDD  R27,Y+6+1
000312 912d      	LD   R18,X+
000313 83ae      	STD  Y+6,R26
000314 83bf      	STD  Y+6+1,R27
                 _0x200005A:
000315 932a      	ST   -Y,R18
000316 85ad      	LDD  R26,Y+13
000317 85be      	LDD  R27,Y+13+1
000318 85ef      	LDD  R30,Y+15
000319 89f8      	LDD  R31,Y+15+1
00031a 9509      	ICALL
00031b 3050      	CPI  R21,0
00031c f009      	BREQ _0x200005B
00031d 5051      	SUBI R21,LOW(1)
                 _0x200005B:
00031e 5031      	SUBI R19,LOW(1)
00031f cfe6      	RJMP _0x2000056
                 _0x2000058:
000320 c052      	RJMP _0x200005C
                 _0x2000055:
                 _0x200005E:
000321 e320      	LDI  R18,LOW(48)
000322 81ee      	LDD  R30,Y+6
000323 81ff      	LDD  R31,Y+6+1
000324 940e 03fd 	CALL __GETW1PF
000326 87e8      	STD  Y+8,R30
000327 87f9      	STD  Y+8+1,R31
000328 81ee      	LDD  R30,Y+6
000329 81ff      	LDD  R31,Y+6+1
00032a 9632      	ADIW R30,2
00032b 83ee      	STD  Y+6,R30
00032c 83ff      	STD  Y+6+1,R31
                 _0x2000060:
00032d 85e8      	LDD  R30,Y+8
00032e 85f9      	LDD  R31,Y+8+1
00032f 85aa      	LDD  R26,Y+10
000330 85bb      	LDD  R27,Y+10+1
000331 17ae      	CP   R26,R30
000332 07bf      	CPC  R27,R31
000333 f050      	BRLO _0x2000062
000334 5f2f      	SUBI R18,-LOW(1)
000335 85a8      	LDD  R26,Y+8
000336 85b9      	LDD  R27,Y+8+1
000337 85ea      	LDD  R30,Y+10
000338 85fb      	LDD  R31,Y+10+1
000339 1bea      	SUB  R30,R26
00033a 0bfb      	SBC  R31,R27
00033b 87ea      	STD  Y+10,R30
00033c 87fb      	STD  Y+10+1,R31
00033d cfef      	RJMP _0x2000060
                 _0x2000062:
00033e 332a      	CPI  R18,58
00033f f028      	BRLO _0x2000063
000340 ff03      	SBRS R16,3
000341 c002      	RJMP _0x2000064
000342 5f29      	SUBI R18,-LOW(7)
000343 c001      	RJMP _0x2000065
                 _0x2000064:
000344 5d29      	SUBI R18,-LOW(39)
                 _0x2000065:
                 _0x2000063:
000345 fd04      	SBRC R16,4
000346 c01d      	RJMP _0x2000067
000347 3321      	CPI  R18,49
000348 f420      	BRSH _0x2000069
000349 85a8      	LDD  R26,Y+8
00034a 85b9      	LDD  R27,Y+8+1
00034b 9711      	SBIW R26,1
00034c f409      	BRNE _0x2000068
                 _0x2000069:
00034d c009      	RJMP _0x20000D3
                 _0x2000068:
00034e 1753      	CP   R21,R19
00034f f010      	BRLO _0x200006D
000350 ff00      	SBRS R16,0
000351 c001      	RJMP _0x200006E
                 _0x200006D:
000352 c01a      	RJMP _0x200006C
                 _0x200006E:
000353 e220      	LDI  R18,LOW(32)
000354 ff07      	SBRS R16,7
000355 c00e      	RJMP _0x200006F
000356 e320      	LDI  R18,LOW(48)
                 _0x20000D3:
000357 6100      	ORI  R16,LOW(16)
000358 ff02      	SBRS R16,2
000359 c00a      	RJMP _0x2000070
00035a 7f0b      	ANDI R16,LOW(251)
00035b 934a      	ST   -Y,R20
00035c 85ad      	LDD  R26,Y+13
00035d 85be      	LDD  R27,Y+13+1
00035e 85ef      	LDD  R30,Y+15
00035f 89f8      	LDD  R31,Y+15+1
000360 9509      	ICALL
000361 3050      	CPI  R21,0
000362 f009      	BREQ _0x2000071
000363 5051      	SUBI R21,LOW(1)
                 _0x2000071:
                 _0x2000070:
                 _0x200006F:
                 _0x2000067:
000364 932a      	ST   -Y,R18
000365 85ad      	LDD  R26,Y+13
000366 85be      	LDD  R27,Y+13+1
000367 85ef      	LDD  R30,Y+15
000368 89f8      	LDD  R31,Y+15+1
000369 9509      	ICALL
00036a 3050      	CPI  R21,0
00036b f009      	BREQ _0x2000072
00036c 5051      	SUBI R21,LOW(1)
                 _0x2000072:
                 _0x200006C:
00036d 5031      	SUBI R19,LOW(1)
00036e 85a8      	LDD  R26,Y+8
00036f 85b9      	LDD  R27,Y+8+1
000370 9712      	SBIW R26,2
000371 f008      	BRLO _0x200005F
000372 cfae      	RJMP _0x200005E
                 _0x200005F:
                 _0x200005C:
000373 ff00      	SBRS R16,0
000374 c00b      	RJMP _0x2000073
                 _0x2000074:
000375 3050      	CPI  R21,0
000376 f049      	BREQ _0x2000076
000377 5051      	SUBI R21,LOW(1)
000378 e2e0      	LDI  R30,LOW(32)
000379 93ea      	ST   -Y,R30
00037a 85ad      	LDD  R26,Y+13
00037b 85be      	LDD  R27,Y+13+1
00037c 85ef      	LDD  R30,Y+15
00037d 89f8      	LDD  R31,Y+15+1
00037e 9509      	ICALL
00037f cff5      	RJMP _0x2000074
                 _0x2000076:
                 _0x2000073:
                 _0x2000077:
                 _0x2000036:
                 _0x20000D2:
000380 e010      	LDI  R17,LOW(0)
                 _0x2000021:
000381 cea0      	RJMP _0x200001C
                 _0x200001E:
000382 85ac      	LDD  R26,Y+12
000383 85bd      	LDD  R27,Y+12+1
000384 940e 03f9 	CALL __GETW1P
000386 940e 040d 	CALL __LOADLOCR6
000388 9664      	ADIW R28,20
000389 9508      	RET
                 ; .FEND
                 _sprintf:
                 ; .FSTART _sprintf
00038a 92ff      	PUSH R15
00038b 2ef8      	MOV  R15,R24
00038c 9726      	SBIW R28,6
00038d 940e 0408 	CALL __SAVELOCR4
00038f 01de      	MOVW R26,R28
000390 961c      	ADIW R26,12
000391 940e 03e9 	CALL __ADDW2R15
000393 940e 03f9 	CALL __GETW1P
000395 9730      	SBIW R30,0
000396 f419      	BRNE _0x2000078
000397 efef      	LDI  R30,LOW(65535)
000398 efff      	LDI  R31,HIGH(65535)
000399 c027      	RJMP _0x2060001
                 _0x2000078:
00039a 01de      	MOVW R26,R28
00039b 9616      	ADIW R26,6
00039c 940e 03e9 	CALL __ADDW2R15
00039e 018d      	MOVW R16,R26
00039f 01de      	MOVW R26,R28
0003a0 961c      	ADIW R26,12
0003a1 940e 03e9 	CALL __ADDW2R15
0003a3 940e 03f9 	CALL __GETW1P
0003a5 83ee      	STD  Y+6,R30
0003a6 83ff      	STD  Y+6+1,R31
0003a7 e0e0      	LDI  R30,LOW(0)
0003a8 87e8      	STD  Y+8,R30
0003a9 87e9      	STD  Y+8+1,R30
0003aa 01de      	MOVW R26,R28
0003ab 961a      	ADIW R26,10
0003ac 940e 03e9 	CALL __ADDW2R15
0003ae 940e 03f9 	CALL __GETW1P
0003b0 93fa      	ST   -Y,R31
0003b1 93ea      	ST   -Y,R30
0003b2 931a      	ST   -Y,R17
0003b3 930a      	ST   -Y,R16
0003b4 ede6      	LDI  R30,LOW(_put_buff_G100)
0003b5 e0f1      	LDI  R31,HIGH(_put_buff_G100)
0003b6 93fa      	ST   -Y,R31
0003b7 93ea      	ST   -Y,R30
0003b8 01de      	MOVW R26,R28
0003b9 961a      	ADIW R26,10
0003ba de5b      	RCALL __print_G100
0003bb 019f      	MOVW R18,R30
0003bc 81ae      	LDD  R26,Y+6
0003bd 81bf      	LDD  R27,Y+6+1
0003be e0e0      	LDI  R30,LOW(0)
0003bf 93ec      	ST   X,R30
0003c0 01f9      	MOVW R30,R18
                 _0x2060001:
0003c1 940e 040f 	CALL __LOADLOCR4
0003c3 962a      	ADIW R28,10
0003c4 90ff      	POP  R15
0003c5 9508      	RET
                 ; .FEND
                 
                 	.CSEG
                 
                 	.CSEG
                 _strlen:
                 ; .FSTART _strlen
0003c6 93ba      	ST   -Y,R27
0003c7 93aa      	ST   -Y,R26
0003c8 91a9          ld   r26,y+
0003c9 91b9          ld   r27,y+
0003ca 27ee          clr  r30
0003cb 27ff          clr  r31
                 strlen0:
0003cc 916d          ld   r22,x+
0003cd 2366          tst  r22
0003ce f011          breq strlen1
0003cf 9631          adiw r30,1
0003d0 cffb          rjmp strlen0
                 strlen1:
0003d1 9508          ret
                 ; .FEND
                 _strlenf:
                 ; .FSTART _strlenf
0003d2 93ba      	ST   -Y,R27
0003d3 93aa      	ST   -Y,R26
0003d4 27aa          clr  r26
0003d5 27bb          clr  r27
0003d6 91e9          ld   r30,y+
0003d7 91f9          ld   r31,y+
                 strlenf0:
0003d8 9005      	lpm  r0,z+
0003d9 2000          tst  r0
0003da f011          breq strlenf1
0003db 9611          adiw r26,1
0003dc cffb          rjmp strlenf0
                 strlenf1:
0003dd 01fd          movw r30,r26
0003de 9508          ret
                 ; .FEND
                 
                 	.CSEG
                 
                 	.CSEG
                 _delay_ms:
0003df 9610      	adiw r26,0
0003e0 f039      	breq __delay_ms1
                 __delay_ms0:
                +
0003e1 ea80     +LDI R24 , LOW ( 0xFA0 )
0003e2 e09f     +LDI R25 , HIGH ( 0xFA0 )
                +__DELAY_USW_LOOP :
0003e3 9701     +SBIW R24 , 1
0003e4 f7f1     +BRNE __DELAY_USW_LOOP
                 	__DELAY_USW 0xFA0
0003e5 95a8      	wdr
0003e6 9711      	sbiw r26,1
0003e7 f7c9      	brne __delay_ms0
                 __delay_ms1:
0003e8 9508      	ret
                 
                 __ADDW2R15:
0003e9 2400      	CLR  R0
0003ea 0daf      	ADD  R26,R15
0003eb 1db0      	ADC  R27,R0
0003ec 9508      	RET
                 
                 __ANEGW1:
0003ed 95f1      	NEG  R31
0003ee 95e1      	NEG  R30
0003ef 40f0      	SBCI R31,0
0003f0 9508      	RET
                 
                 __LSLB12:
0003f1 23ee      	TST  R30
0003f2 2e0e      	MOV  R0,R30
0003f3 2fea      	MOV  R30,R26
0003f4 f019      	BREQ __LSLB12R
                 __LSLB12L:
0003f5 0fee      	LSL  R30
0003f6 940a      	DEC  R0
0003f7 f7e9      	BRNE __LSLB12L
                 __LSLB12R:
0003f8 9508      	RET
                 
                 __GETW1P:
0003f9 91ed      	LD   R30,X+
0003fa 91fc      	LD   R31,X
0003fb 9711      	SBIW R26,1
0003fc 9508      	RET
                 
                 __GETW1PF:
0003fd 9005      	LPM  R0,Z+
0003fe 91f4      	LPM  R31,Z
0003ff 2de0      	MOV  R30,R0
000400 9508      	RET
                 
                 __PUTPARD1:
000401 937a      	ST   -Y,R23
000402 936a      	ST   -Y,R22
000403 93fa      	ST   -Y,R31
000404 93ea      	ST   -Y,R30
000405 9508      	RET
                 
                 __SAVELOCR6:
000406 935a      	ST   -Y,R21
                 __SAVELOCR5:
000407 934a      	ST   -Y,R20
                 __SAVELOCR4:
000408 933a      	ST   -Y,R19
                 __SAVELOCR3:
000409 932a      	ST   -Y,R18
                 __SAVELOCR2:
00040a 931a      	ST   -Y,R17
00040b 930a      	ST   -Y,R16
00040c 9508      	RET
                 
                 __LOADLOCR6:
00040d 815d      	LDD  R21,Y+5
                 __LOADLOCR5:
00040e 814c      	LDD  R20,Y+4
                 __LOADLOCR4:
00040f 813b      	LDD  R19,Y+3
                 __LOADLOCR3:
000410 812a      	LDD  R18,Y+2
                 __LOADLOCR2:
000411 8119      	LDD  R17,Y+1
000412 8108      	LD   R16,Y
000413 9508      	RET
                 
                 ;END OF CODE MARKER
                 __END_OF_CODE:


RESOURCE USE INFORMATION
------------------------

Notice:
The register and instruction counts are symbol table hit counts,
and hence implicitly used resources are not counted, eg, the
'lpm' instruction without operands implicitly uses r0 and z,
none of which are counted.

x,y,z are separate entities in the symbol table and are
counted separately from r26..r31 here.

.dseg memory usage only counts static data declared with .byte

ATmega328P register use summary:
r0 :  13 r1 :   3 r2 :   0 r3 :   1 r4 :   1 r5 :   0 r6 :   0 r7 :   0 
r8 :   0 r9 :   0 r10:   0 r11:   0 r12:   0 r13:   0 r14:   0 r15:   4 
r16:  40 r17:  30 r18:  33 r19:   8 r20:   9 r21:  17 r22:   9 r23:   3 
r24:  24 r25:   5 r26: 130 r27:  66 r28:  24 r29:   1 r30: 212 r31:  85 
x  :  27 y  : 240 z  :  15 
Registers used: 24 out of 35 (68.6%)

ATmega328P instruction use summary:
.lds  :   0 .lds.l:   0 .sts  :   0 .sts.l:   0 adc   :   5 add   :   6 
adiw  :  30 and   :   0 andi  :  12 asr   :   0 bclr  :   0 bld   :   0 
brbc  :   0 brbs  :   0 brcc  :   0 brcs  :   0 break :   0 breq  :  21 
brge  :   0 brhc  :   0 brhs  :   0 brid  :   0 brie  :   0 brlo  :   7 
brlt  :   0 brmi  :   1 brne  :  33 brpl  :   1 brsh  :   4 brtc  :   0 
brts  :   0 brvc  :   0 brvs  :   0 bset  :   0 bst   :   0 call  :  37 
cbi   :  14 cbr   :   0 clc   :   0 clh   :   0 cli   :   1 cln   :   0 
clr   :  14 cls   :   0 clt   :   0 clv   :   0 clz   :   0 com   :   0 
cp    :   4 cpc   :   3 cpi   :  35 cpse  :   0 dec   :   6 des   :   0 
eor   :   0 fmul  :   0 fmuls :   0 fmulsu:   0 icall :   8 ijmp  :   0 
in    :   0 inc   :   0 jmp   :  27 ld    :  25 ldd   : 122 ldi   : 124 
lds   :   0 lpm   :  14 lsl   :   1 lsr   :   0 mov   :  23 movw  :  22 
mul   :   1 muls  :   0 mulsu :   0 neg   :   2 nop   :   0 or    :   1 
ori   :   6 out   :   6 pop   :   1 push  :   1 rcall :  27 ret   :  20 
reti  :   0 rjmp  :  74 rol   :   0 ror   :   0 sbc   :   1 sbci  :   1 
sbi   :  14 sbic  :   2 sbis  :   4 sbiw  :  25 sbr   :   0 sbrc  :   2 
sbrs  :  10 sec   :   0 seh   :   0 sei   :   0 sen   :   0 ser   :   0 
ses   :   0 set   :   0 sev   :   0 sez   :   0 sleep :   0 spm   :   0 
st    :  77 std   :  46 sts   :   0 sub   :   2 subi  :  17 swap  :   2 
tst   :   5 wdr   :   1 
Instructions used: 52 out of 116 (44.8%)

ATmega328P memory use summary [bytes]:
Segment   Begin    End      Code   Data   Used    Size   Use%
---------------------------------------------------------------
[.cseg] 0x000000 0x000828   2020     68   2088   32768   6.4%
[.dseg] 0x000100 0x00030f      0     15     15    2048   0.7%
[.eseg] 0x000000 0x000000      0      0      0    1024   0.0%

Assembly complete, 0 errors, 3 warnings
